{"C:\\Users\\xie\\Desktop\\dm\\goosd_gw\\server\\middleware\\auth.js": {"path":"C:\\Users\\xie\\Desktop\\dm\\goosd_gw\\server\\middleware\\auth.js","statementMap":{"0":{"start":{"line":6,"column":16},"end":{"line":6,"column":null}},"1":{"start":{"line":6,"column":44},"end":{"line":6,"column":55}},"2":{"start":{"line":7,"column":2},"end":{"line":11,"column":null}},"3":{"start":{"line":15,"column":17},"end":{"line":15,"column":null}},"4":{"start":{"line":16,"column":2},"end":{"line":18,"column":null}},"5":{"start":{"line":17,"column":4},"end":{"line":17,"column":null}},"6":{"start":{"line":19,"column":2},"end":{"line":37,"column":null}},"7":{"start":{"line":20,"column":18},"end":{"line":20,"column":null}},"8":{"start":{"line":21,"column":20},"end":{"line":21,"column":null}},"9":{"start":{"line":22,"column":16},"end":{"line":22,"column":null}},"10":{"start":{"line":23,"column":4},"end":{"line":25,"column":null}},"11":{"start":{"line":24,"column":6},"end":{"line":24,"column":null}},"12":{"start":{"line":26,"column":4},"end":{"line":28,"column":null}},"13":{"start":{"line":27,"column":6},"end":{"line":27,"column":null}},"14":{"start":{"line":30,"column":4},"end":{"line":32,"column":null}},"15":{"start":{"line":31,"column":6},"end":{"line":31,"column":null}},"16":{"start":{"line":33,"column":4},"end":{"line":33,"column":null}},"17":{"start":{"line":34,"column":4},"end":{"line":34,"column":null}},"18":{"start":{"line":36,"column":4},"end":{"line":36,"column":null}},"19":{"start":{"line":46,"column":2},"end":{"line":55,"column":null}},"20":{"start":{"line":47,"column":18},"end":{"line":47,"column":null}},"21":{"start":{"line":49,"column":4},"end":{"line":49,"column":null}},"22":{"start":{"line":49,"column":33},"end":{"line":49,"column":null}},"23":{"start":{"line":50,"column":20},"end":{"line":50,"column":null}},"24":{"start":{"line":50,"column":43},"end":{"line":50,"column":60}},"25":{"start":{"line":51,"column":4},"end":{"line":53,"column":null}},"26":{"start":{"line":52,"column":6},"end":{"line":52,"column":null}},"27":{"start":{"line":54,"column":4},"end":{"line":54,"column":null}},"28":{"start":{"line":60,"column":2},"end":{"line":60,"column":null}}},"fnMap":{"0":{"name":"generateToken","decl":{"start":{"line":5,"column":16},"end":{"line":5,"column":29}},"loc":{"start":{"line":5,"column":36},"end":{"line":12,"column":null}},"line":5},"1":{"name":"(anonymous_1)","decl":{"start":{"line":6,"column":39},"end":{"line":6,"column":40}},"loc":{"start":{"line":6,"column":44},"end":{"line":6,"column":55}},"line":6},"2":{"name":"authRequired","decl":{"start":{"line":14,"column":22},"end":{"line":14,"column":34}},"loc":{"start":{"line":14,"column":51},"end":{"line":38,"column":null}},"line":14},"3":{"name":"roleRequired","decl":{"start":{"line":45,"column":16},"end":{"line":45,"column":28}},"loc":{"start":{"line":45,"column":46},"end":{"line":56,"column":null}},"line":45},"4":{"name":"(anonymous_4)","decl":{"start":{"line":46,"column":9},"end":{"line":46,"column":10}},"loc":{"start":{"line":46,"column":29},"end":{"line":55,"column":null}},"line":46},"5":{"name":"(anonymous_5)","decl":{"start":{"line":50,"column":38},"end":{"line":50,"column":39}},"loc":{"start":{"line":50,"column":43},"end":{"line":50,"column":60}},"line":50},"6":{"name":"adminRequired","decl":{"start":{"line":59,"column":16},"end":{"line":59,"column":29}},"loc":{"start":{"line":59,"column":46},"end":{"line":61,"column":null}},"line":59}},"branchMap":{"0":{"loc":{"start":{"line":6,"column":17},"end":{"line":6,"column":33}},"type":"binary-expr","locations":[{"start":{"line":6,"column":17},"end":{"line":6,"column":27}},{"start":{"line":6,"column":31},"end":{"line":6,"column":33}}],"line":6},"1":{"loc":{"start":{"line":6,"column":44},"end":{"line":6,"column":55}},"type":"binary-expr","locations":[{"start":{"line":6,"column":44},"end":{"line":6,"column":50}},{"start":{"line":6,"column":54},"end":{"line":6,"column":55}}],"line":6},"2":{"loc":{"start":{"line":8,"column":55},"end":{"line":8,"column":78}},"type":"binary-expr","locations":[{"start":{"line":8,"column":55},"end":{"line":8,"column":73}},{"start":{"line":8,"column":77},"end":{"line":8,"column":78}}],"line":8},"3":{"loc":{"start":{"line":16,"column":2},"end":{"line":18,"column":null}},"type":"if","locations":[{"start":{"line":16,"column":2},"end":{"line":18,"column":null}},{"start":{},"end":{}}],"line":16},"4":{"loc":{"start":{"line":16,"column":6},"end":{"line":16,"column":46}},"type":"binary-expr","locations":[{"start":{"line":16,"column":6},"end":{"line":16,"column":13}},{"start":{"line":16,"column":17},"end":{"line":16,"column":46}}],"line":16},"5":{"loc":{"start":{"line":23,"column":4},"end":{"line":25,"column":null}},"type":"if","locations":[{"start":{"line":23,"column":4},"end":{"line":25,"column":null}},{"start":{},"end":{}}],"line":23},"6":{"loc":{"start":{"line":26,"column":4},"end":{"line":28,"column":null}},"type":"if","locations":[{"start":{"line":26,"column":4},"end":{"line":28,"column":null}},{"start":{},"end":{}}],"line":26},"7":{"loc":{"start":{"line":30,"column":4},"end":{"line":32,"column":null}},"type":"if","locations":[{"start":{"line":30,"column":4},"end":{"line":32,"column":null}},{"start":{},"end":{}}],"line":30},"8":{"loc":{"start":{"line":30,"column":8},"end":{"line":30,"column":70}},"type":"binary-expr","locations":[{"start":{"line":30,"column":8},"end":{"line":30,"column":26}},{"start":{"line":30,"column":30},"end":{"line":30,"column":70}}],"line":30},"9":{"loc":{"start":{"line":47,"column":18},"end":{"line":47,"column":null}},"type":"binary-expr","locations":[{"start":{"line":47,"column":18},"end":{"line":47,"column":33}},{"start":{"line":47,"column":37},"end":{"line":47,"column":null}}],"line":47},"10":{"loc":{"start":{"line":49,"column":4},"end":{"line":49,"column":null}},"type":"if","locations":[{"start":{"line":49,"column":4},"end":{"line":49,"column":null}},{"start":{},"end":{}}],"line":49},"11":{"loc":{"start":{"line":51,"column":4},"end":{"line":53,"column":null}},"type":"if","locations":[{"start":{"line":51,"column":4},"end":{"line":53,"column":null}},{"start":{},"end":{}}],"line":51}},"s":{"0":7,"1":7,"2":7,"3":45,"4":45,"5":10,"6":35,"7":35,"8":35,"9":35,"10":32,"11":1,"12":31,"13":1,"14":30,"15":2,"16":28,"17":28,"18":3,"19":8,"20":8,"21":8,"22":1,"23":7,"24":8,"25":7,"26":4,"27":3,"28":2},"f":{"0":7,"1":7,"2":45,"3":8,"4":8,"5":8,"6":2},"b":{"0":[7,0],"1":[7,2],"2":[7,1],"3":[10,35],"4":[45,36],"5":[1,31],"6":[1,30],"7":[2,28],"8":[30,29],"9":[8,1],"10":[1,7],"11":[4,3]},"meta":{"lastBranch":12,"lastFunction":7,"lastStatement":29,"seen":{"f:5:16:5:29":0,"s:6:16:6:Infinity":0,"b:6:17:6:27:6:31:6:33":0,"f:6:39:6:40":1,"s:6:44:6:55":1,"b:6:44:6:50:6:54:6:55":1,"s:7:2:11:Infinity":2,"b:8:55:8:73:8:77:8:78":2,"f:14:22:14:34":2,"s:15:17:15:Infinity":3,"b:16:2:18:Infinity:undefined:undefined:undefined:undefined":3,"s:16:2:18:Infinity":4,"b:16:6:16:13:16:17:16:46":4,"s:17:4:17:Infinity":5,"s:19:2:37:Infinity":6,"s:20:18:20:Infinity":7,"s:21:20:21:Infinity":8,"s:22:16:22:Infinity":9,"b:23:4:25:Infinity:undefined:undefined:undefined:undefined":5,"s:23:4:25:Infinity":10,"s:24:6:24:Infinity":11,"b:26:4:28:Infinity:undefined:undefined:undefined:undefined":6,"s:26:4:28:Infinity":12,"s:27:6:27:Infinity":13,"b:30:4:32:Infinity:undefined:undefined:undefined:undefined":7,"s:30:4:32:Infinity":14,"b:30:8:30:26:30:30:30:70":8,"s:31:6:31:Infinity":15,"s:33:4:33:Infinity":16,"s:34:4:34:Infinity":17,"s:36:4:36:Infinity":18,"f:45:16:45:28":3,"s:46:2:55:Infinity":19,"f:46:9:46:10":4,"s:47:18:47:Infinity":20,"b:47:18:47:33:47:37:47:Infinity":9,"b:49:4:49:Infinity:undefined:undefined:undefined:undefined":10,"s:49:4:49:Infinity":21,"s:49:33:49:Infinity":22,"s:50:20:50:Infinity":23,"f:50:38:50:39":5,"s:50:43:50:60":24,"b:51:4:53:Infinity:undefined:undefined:undefined:undefined":11,"s:51:4:53:Infinity":25,"s:52:6:52:Infinity":26,"s:54:4:54:Infinity":27,"f:59:16:59:29":6,"s:60:2:60:Infinity":28}}}
,"C:\\Users\\xie\\Desktop\\dm\\goosd_gw\\server\\middleware\\validate.js": {"path":"C:\\Users\\xie\\Desktop\\dm\\goosd_gw\\server\\middleware\\validate.js","statementMap":{"0":{"start":{"line":6,"column":2},"end":{"line":15,"column":null}},"1":{"start":{"line":7,"column":20},"end":{"line":7,"column":null}},"2":{"start":{"line":7,"column":47},"end":{"line":7,"column":61}},"3":{"start":{"line":8,"column":4},"end":{"line":13,"column":null}},"4":{"start":{"line":9,"column":6},"end":{"line":12,"column":null}},"5":{"start":{"line":14,"column":4},"end":{"line":14,"column":null}}},"fnMap":{"0":{"name":"validate","decl":{"start":{"line":5,"column":16},"end":{"line":5,"column":24}},"loc":{"start":{"line":5,"column":56},"end":{"line":16,"column":null}},"line":5},"1":{"name":"(anonymous_1)","decl":{"start":{"line":6,"column":9},"end":{"line":6,"column":10}},"loc":{"start":{"line":6,"column":29},"end":{"line":15,"column":null}},"line":6},"2":{"name":"(anonymous_2)","decl":{"start":{"line":7,"column":42},"end":{"line":7,"column":43}},"loc":{"start":{"line":7,"column":47},"end":{"line":7,"column":61}},"line":7}},"branchMap":{"0":{"loc":{"start":{"line":5,"column":33},"end":{"line":5,"column":52}},"type":"default-arg","locations":[{"start":{"line":5,"column":50},"end":{"line":5,"column":52}}],"line":5},"1":{"loc":{"start":{"line":8,"column":4},"end":{"line":13,"column":null}},"type":"if","locations":[{"start":{"line":8,"column":4},"end":{"line":13,"column":null}},{"start":{},"end":{}}],"line":8}},"s":{"0":12,"1":31,"2":57,"3":31,"4":11,"5":20},"f":{"0":12,"1":31,"2":57},"b":{"0":[12],"1":[11,20]},"meta":{"lastBranch":2,"lastFunction":3,"lastStatement":6,"seen":{"f:5:16:5:24":0,"b:5:50:5:52":0,"s:6:2:15:Infinity":0,"f:6:9:6:10":1,"s:7:20:7:Infinity":1,"f:7:42:7:43":2,"s:7:47:7:61":2,"b:8:4:13:Infinity:undefined:undefined:undefined:undefined":1,"s:8:4:13:Infinity":3,"s:9:6:12:Infinity":4,"s:14:4:14:Infinity":5}}}
,"C:\\Users\\xie\\Desktop\\dm\\goosd_gw\\server\\routes\\auth.js": {"path":"C:\\Users\\xie\\Desktop\\dm\\goosd_gw\\server\\routes\\auth.js","statementMap":{"0":{"start":{"line":10,"column":14},"end":{"line":10,"column":null}},"1":{"start":{"line":13,"column":22},"end":{"line":13,"column":31}},"2":{"start":{"line":14,"column":26},"end":{"line":14,"column":40}},"3":{"start":{"line":15,"column":23},"end":{"line":15,"column":25}},"4":{"start":{"line":18,"column":14},"end":{"line":18,"column":null}},"5":{"start":{"line":19,"column":16},"end":{"line":19,"column":null}},"6":{"start":{"line":20,"column":2},"end":{"line":23,"column":null}},"7":{"start":{"line":21,"column":4},"end":{"line":21,"column":null}},"8":{"start":{"line":22,"column":4},"end":{"line":22,"column":null}},"9":{"start":{"line":24,"column":2},"end":{"line":24,"column":null}},"10":{"start":{"line":25,"column":2},"end":{"line":25,"column":null}},"11":{"start":{"line":29,"column":0},"end":{"line":34,"column":null}},"12":{"start":{"line":30,"column":14},"end":{"line":30,"column":null}},"13":{"start":{"line":31,"column":2},"end":{"line":33,"column":null}},"14":{"start":{"line":32,"column":4},"end":{"line":32,"column":null}},"15":{"start":{"line":32,"column":29},"end":{"line":32,"column":null}},"16":{"start":{"line":37,"column":0},"end":{"line":77,"column":null}},"17":{"start":{"line":38,"column":19},"end":{"line":38,"column":null}},"18":{"start":{"line":39,"column":2},"end":{"line":41,"column":null}},"19":{"start":{"line":40,"column":4},"end":{"line":40,"column":null}},"20":{"start":{"line":42,"column":2},"end":{"line":76,"column":null}},"21":{"start":{"line":43,"column":35},"end":{"line":43,"column":null}},"22":{"start":{"line":44,"column":17},"end":{"line":44,"column":null}},"23":{"start":{"line":45,"column":4},"end":{"line":47,"column":null}},"24":{"start":{"line":46,"column":6},"end":{"line":46,"column":null}},"25":{"start":{"line":48,"column":4},"end":{"line":50,"column":null}},"26":{"start":{"line":49,"column":6},"end":{"line":49,"column":null}},"27":{"start":{"line":51,"column":4},"end":{"line":51,"column":null}},"28":{"start":{"line":52,"column":4},"end":{"line":52,"column":null}},"29":{"start":{"line":53,"column":17},"end":{"line":53,"column":null}},"30":{"start":{"line":54,"column":20},"end":{"line":54,"column":null}},"31":{"start":{"line":55,"column":4},"end":{"line":73,"column":null}},"32":{"start":{"line":64,"column":37},"end":{"line":64,"column":43}},"33":{"start":{"line":65,"column":49},"end":{"line":65,"column":55}},"34":{"start":{"line":75,"column":4},"end":{"line":75,"column":null}},"35":{"start":{"line":81,"column":0},"end":{"line":110,"column":null}},"36":{"start":{"line":82,"column":2},"end":{"line":109,"column":null}},"37":{"start":{"line":83,"column":70},"end":{"line":83,"column":null}},"38":{"start":{"line":84,"column":4},"end":{"line":86,"column":null}},"39":{"start":{"line":85,"column":6},"end":{"line":85,"column":null}},"40":{"start":{"line":87,"column":19},"end":{"line":87,"column":null}},"41":{"start":{"line":88,"column":4},"end":{"line":90,"column":null}},"42":{"start":{"line":89,"column":6},"end":{"line":89,"column":null}},"43":{"start":{"line":91,"column":17},"end":{"line":91,"column":null}},"44":{"start":{"line":92,"column":17},"end":{"line":92,"column":null}},"45":{"start":{"line":93,"column":4},"end":{"line":106,"column":null}},"46":{"start":{"line":102,"column":37},"end":{"line":102,"column":43}},"47":{"start":{"line":108,"column":4},"end":{"line":108,"column":null}},"48":{"start":{"line":113,"column":0},"end":{"line":128,"column":null}},"49":{"start":{"line":114,"column":2},"end":{"line":127,"column":null}},"50":{"start":{"line":115,"column":22},"end":{"line":115,"column":null}},"51":{"start":{"line":116,"column":17},"end":{"line":116,"column":null}},"52":{"start":{"line":117,"column":4},"end":{"line":119,"column":null}},"53":{"start":{"line":118,"column":6},"end":{"line":118,"column":null}},"54":{"start":{"line":120,"column":16},"end":{"line":120,"column":null}},"55":{"start":{"line":121,"column":3},"end":{"line":121,"column":null}},"56":{"start":{"line":122,"column":4},"end":{"line":122,"column":null}},"57":{"start":{"line":123,"column":4},"end":{"line":123,"column":null}},"58":{"start":{"line":125,"column":4},"end":{"line":125,"column":null}},"59":{"start":{"line":126,"column":4},"end":{"line":126,"column":null}},"60":{"start":{"line":131,"column":0},"end":{"line":147,"column":null}},"61":{"start":{"line":132,"column":2},"end":{"line":146,"column":null}},"62":{"start":{"line":133,"column":38},"end":{"line":133,"column":null}},"63":{"start":{"line":134,"column":18},"end":{"line":134,"column":null}},"64":{"start":{"line":135,"column":4},"end":{"line":137,"column":null}},"65":{"start":{"line":136,"column":6},"end":{"line":136,"column":null}},"66":{"start":{"line":138,"column":17},"end":{"line":138,"column":null}},"67":{"start":{"line":139,"column":4},"end":{"line":141,"column":null}},"68":{"start":{"line":140,"column":6},"end":{"line":140,"column":null}},"69":{"start":{"line":142,"column":4},"end":{"line":142,"column":null}},"70":{"start":{"line":143,"column":4},"end":{"line":143,"column":null}},"71":{"start":{"line":145,"column":4},"end":{"line":145,"column":null}}},"fnMap":{"0":{"name":"checkRateLimit","decl":{"start":{"line":17,"column":9},"end":{"line":17,"column":23}},"loc":{"start":{"line":17,"column":28},"end":{"line":26,"column":null}},"line":17},"1":{"name":"(anonymous_1)","decl":{"start":{"line":29,"column":12},"end":{"line":29,"column":13}},"loc":{"start":{"line":29,"column":18},"end":{"line":34,"column":1}},"line":29},"2":{"name":"(anonymous_2)","decl":{"start":{"line":37,"column":68},"end":{"line":37,"column":73}},"loc":{"start":{"line":37,"column":88},"end":{"line":77,"column":1}},"line":37},"3":{"name":"(anonymous_3)","decl":{"start":{"line":64,"column":32},"end":{"line":64,"column":33}},"loc":{"start":{"line":64,"column":37},"end":{"line":64,"column":43}},"line":64},"4":{"name":"(anonymous_4)","decl":{"start":{"line":65,"column":44},"end":{"line":65,"column":45}},"loc":{"start":{"line":65,"column":49},"end":{"line":65,"column":55}},"line":65},"5":{"name":"(anonymous_5)","decl":{"start":{"line":81,"column":71},"end":{"line":81,"column":76}},"loc":{"start":{"line":81,"column":91},"end":{"line":110,"column":1}},"line":81},"6":{"name":"(anonymous_6)","decl":{"start":{"line":102,"column":32},"end":{"line":102,"column":33}},"loc":{"start":{"line":102,"column":37},"end":{"line":102,"column":43}},"line":102},"7":{"name":"(anonymous_7)","decl":{"start":{"line":113,"column":63},"end":{"line":113,"column":68}},"loc":{"start":{"line":113,"column":83},"end":{"line":128,"column":1}},"line":113},"8":{"name":"(anonymous_8)","decl":{"start":{"line":131,"column":82},"end":{"line":131,"column":87}},"loc":{"start":{"line":131,"column":102},"end":{"line":147,"column":1}},"line":131}},"branchMap":{"0":{"loc":{"start":{"line":20,"column":2},"end":{"line":23,"column":null}},"type":"if","locations":[{"start":{"line":20,"column":2},"end":{"line":23,"column":null}},{"start":{},"end":{}}],"line":20},"1":{"loc":{"start":{"line":20,"column":6},"end":{"line":20,"column":35}},"type":"binary-expr","locations":[{"start":{"line":20,"column":6},"end":{"line":20,"column":12}},{"start":{"line":20,"column":16},"end":{"line":20,"column":35}}],"line":20},"2":{"loc":{"start":{"line":32,"column":4},"end":{"line":32,"column":null}},"type":"if","locations":[{"start":{"line":32,"column":4},"end":{"line":32,"column":null}},{"start":{},"end":{}}],"line":32},"3":{"loc":{"start":{"line":38,"column":19},"end":{"line":38,"column":null}},"type":"binary-expr","locations":[{"start":{"line":38,"column":19},"end":{"line":38,"column":25}},{"start":{"line":38,"column":29},"end":{"line":38,"column":null}}],"line":38},"4":{"loc":{"start":{"line":39,"column":2},"end":{"line":41,"column":null}},"type":"if","locations":[{"start":{"line":39,"column":2},"end":{"line":41,"column":null}},{"start":{},"end":{}}],"line":39},"5":{"loc":{"start":{"line":45,"column":4},"end":{"line":47,"column":null}},"type":"if","locations":[{"start":{"line":45,"column":4},"end":{"line":47,"column":null}},{"start":{},"end":{}}],"line":45},"6":{"loc":{"start":{"line":45,"column":8},"end":{"line":45,"column":59}},"type":"binary-expr","locations":[{"start":{"line":45,"column":8},"end":{"line":45,"column":13}},{"start":{"line":45,"column":17},"end":{"line":45,"column":59}}],"line":45},"7":{"loc":{"start":{"line":48,"column":4},"end":{"line":50,"column":null}},"type":"if","locations":[{"start":{"line":48,"column":4},"end":{"line":50,"column":null}},{"start":{},"end":{}}],"line":48},"8":{"loc":{"start":{"line":52,"column":26},"end":{"line":52,"column":49}},"type":"binary-expr","locations":[{"start":{"line":52,"column":26},"end":{"line":52,"column":44}},{"start":{"line":52,"column":48},"end":{"line":52,"column":49}}],"line":52},"9":{"loc":{"start":{"line":66,"column":19},"end":{"line":66,"column":49}},"type":"binary-expr","locations":[{"start":{"line":66,"column":19},"end":{"line":66,"column":44}},{"start":{"line":66,"column":48},"end":{"line":66,"column":49}}],"line":66},"10":{"loc":{"start":{"line":84,"column":4},"end":{"line":86,"column":null}},"type":"if","locations":[{"start":{"line":84,"column":4},"end":{"line":86,"column":null}},{"start":{},"end":{}}],"line":84},"11":{"loc":{"start":{"line":84,"column":8},"end":{"line":84,"column":40}},"type":"binary-expr","locations":[{"start":{"line":84,"column":8},"end":{"line":84,"column":17}},{"start":{"line":84,"column":21},"end":{"line":84,"column":40}}],"line":84},"12":{"loc":{"start":{"line":88,"column":4},"end":{"line":90,"column":null}},"type":"if","locations":[{"start":{"line":88,"column":4},"end":{"line":90,"column":null}},{"start":{},"end":{}}],"line":88},"13":{"loc":{"start":{"line":117,"column":4},"end":{"line":119,"column":null}},"type":"if","locations":[{"start":{"line":117,"column":4},"end":{"line":119,"column":null}},{"start":{},"end":{}}],"line":117},"14":{"loc":{"start":{"line":135,"column":4},"end":{"line":137,"column":null}},"type":"if","locations":[{"start":{"line":135,"column":4},"end":{"line":137,"column":null}},{"start":{},"end":{}}],"line":135},"15":{"loc":{"start":{"line":139,"column":4},"end":{"line":141,"column":null}},"type":"if","locations":[{"start":{"line":139,"column":4},"end":{"line":141,"column":null}},{"start":{},"end":{}}],"line":139}},"s":{"0":1,"1":1,"2":1,"3":1,"4":10,"5":10,"6":10,"7":1,"8":1,"9":9,"10":9,"11":1,"12":0,"13":0,"14":0,"15":0,"16":1,"17":10,"18":10,"19":0,"20":10,"21":10,"22":10,"23":10,"24":7,"25":3,"26":1,"27":2,"28":2,"29":10,"30":10,"31":2,"32":2,"33":2,"34":0,"35":1,"36":4,"37":4,"38":4,"39":1,"40":3,"41":3,"42":1,"43":2,"44":2,"45":2,"46":2,"47":0,"48":1,"49":2,"50":2,"51":2,"52":2,"53":1,"54":1,"55":1,"56":1,"57":1,"58":0,"59":0,"60":1,"61":2,"62":2,"63":2,"64":2,"65":1,"66":1,"67":1,"68":0,"69":1,"70":1,"71":0},"f":{"0":10,"1":0,"2":10,"3":2,"4":2,"5":4,"6":2,"7":2,"8":2},"b":{"0":[1,9],"1":[10,9],"2":[0,0],"3":[10,0],"4":[0,10],"5":[7,3],"6":[10,4],"7":[1,2],"8":[2,0],"9":[2,0],"10":[1,3],"11":[4,4],"12":[1,2],"13":[1,1],"14":[1,1],"15":[0,1]},"meta":{"lastBranch":16,"lastFunction":9,"lastStatement":72,"seen":{"s:10:14:10:Infinity":0,"s:13:22:13:31":1,"s:14:26:14:40":2,"s:15:23:15:25":3,"f:17:9:17:23":0,"s:18:14:18:Infinity":4,"s:19:16:19:Infinity":5,"b:20:2:23:Infinity:undefined:undefined:undefined:undefined":0,"s:20:2:23:Infinity":6,"b:20:6:20:12:20:16:20:35":1,"s:21:4:21:Infinity":7,"s:22:4:22:Infinity":8,"s:24:2:24:Infinity":9,"s:25:2:25:Infinity":10,"s:29:0:34:Infinity":11,"f:29:12:29:13":1,"s:30:14:30:Infinity":12,"s:31:2:33:Infinity":13,"b:32:4:32:Infinity:undefined:undefined:undefined:undefined":2,"s:32:4:32:Infinity":14,"s:32:29:32:Infinity":15,"s:37:0:77:Infinity":16,"f:37:68:37:73":2,"s:38:19:38:Infinity":17,"b:38:19:38:25:38:29:38:Infinity":3,"b:39:2:41:Infinity:undefined:undefined:undefined:undefined":4,"s:39:2:41:Infinity":18,"s:40:4:40:Infinity":19,"s:42:2:76:Infinity":20,"s:43:35:43:Infinity":21,"s:44:17:44:Infinity":22,"b:45:4:47:Infinity:undefined:undefined:undefined:undefined":5,"s:45:4:47:Infinity":23,"b:45:8:45:13:45:17:45:59":6,"s:46:6:46:Infinity":24,"b:48:4:50:Infinity:undefined:undefined:undefined:undefined":7,"s:48:4:50:Infinity":25,"s:49:6:49:Infinity":26,"s:51:4:51:Infinity":27,"s:52:4:52:Infinity":28,"b:52:26:52:44:52:48:52:49":8,"s:53:17:53:Infinity":29,"s:54:20:54:Infinity":30,"s:55:4:73:Infinity":31,"f:64:32:64:33":3,"s:64:37:64:43":32,"f:65:44:65:45":4,"s:65:49:65:55":33,"b:66:19:66:44:66:48:66:49":9,"s:75:4:75:Infinity":34,"s:81:0:110:Infinity":35,"f:81:71:81:76":5,"s:82:2:109:Infinity":36,"s:83:70:83:Infinity":37,"b:84:4:86:Infinity:undefined:undefined:undefined:undefined":10,"s:84:4:86:Infinity":38,"b:84:8:84:17:84:21:84:40":11,"s:85:6:85:Infinity":39,"s:87:19:87:Infinity":40,"b:88:4:90:Infinity:undefined:undefined:undefined:undefined":12,"s:88:4:90:Infinity":41,"s:89:6:89:Infinity":42,"s:91:17:91:Infinity":43,"s:92:17:92:Infinity":44,"s:93:4:106:Infinity":45,"f:102:32:102:33":6,"s:102:37:102:43":46,"s:108:4:108:Infinity":47,"s:113:0:128:Infinity":48,"f:113:63:113:68":7,"s:114:2:127:Infinity":49,"s:115:22:115:Infinity":50,"s:116:17:116:Infinity":51,"b:117:4:119:Infinity:undefined:undefined:undefined:undefined":13,"s:117:4:119:Infinity":52,"s:118:6:118:Infinity":53,"s:120:16:120:Infinity":54,"s:121:3:121:Infinity":55,"s:122:4:122:Infinity":56,"s:123:4:123:Infinity":57,"s:125:4:125:Infinity":58,"s:126:4:126:Infinity":59,"s:131:0:147:Infinity":60,"f:131:82:131:87":8,"s:132:2:146:Infinity":61,"s:133:38:133:Infinity":62,"s:134:18:134:Infinity":63,"b:135:4:137:Infinity:undefined:undefined:undefined:undefined":14,"s:135:4:137:Infinity":64,"s:136:6:136:Infinity":65,"s:138:17:138:Infinity":66,"b:139:4:141:Infinity:undefined:undefined:undefined:undefined":15,"s:139:4:141:Infinity":67,"s:140:6:140:Infinity":68,"s:142:4:142:Infinity":69,"s:143:4:143:Infinity":70,"s:145:4:145:Infinity":71}}}
,"C:\\Users\\xie\\Desktop\\dm\\goosd_gw\\server\\routes\\batch.js": {"path":"C:\\Users\\xie\\Desktop\\dm\\goosd_gw\\server\\routes\\batch.js","statementMap":{"0":{"start":{"line":12,"column":14},"end":{"line":12,"column":null}},"1":{"start":{"line":14,"column":29},"end":{"line":14,"column":null}},"2":{"start":{"line":17,"column":2},"end":{"line":59,"column":null}},"3":{"start":{"line":18,"column":17},"end":{"line":18,"column":null}},"4":{"start":{"line":20,"column":4},"end":{"line":24,"column":null}},"5":{"start":{"line":21,"column":6},"end":{"line":21,"column":null}},"6":{"start":{"line":23,"column":6},"end":{"line":23,"column":null}},"7":{"start":{"line":26,"column":19},"end":{"line":26,"column":null}},"8":{"start":{"line":28,"column":4},"end":{"line":28,"column":null}},"9":{"start":{"line":28,"column":24},"end":{"line":28,"column":null}},"10":{"start":{"line":30,"column":4},"end":{"line":30,"column":null}},"11":{"start":{"line":32,"column":4},"end":{"line":56,"column":null}},"12":{"start":{"line":33,"column":6},"end":{"line":55,"column":null}},"13":{"start":{"line":34,"column":21},"end":{"line":34,"column":null}},"14":{"start":{"line":36,"column":27},"end":{"line":36,"column":null}},"15":{"start":{"line":37,"column":8},"end":{"line":37,"column":null}},"16":{"start":{"line":37,"column":44},"end":{"line":37,"column":null}},"17":{"start":{"line":38,"column":8},"end":{"line":38,"column":null}},"18":{"start":{"line":38,"column":40},"end":{"line":38,"column":null}},"19":{"start":{"line":39,"column":8},"end":{"line":39,"column":null}},"20":{"start":{"line":39,"column":48},"end":{"line":39,"column":null}},"21":{"start":{"line":40,"column":8},"end":{"line":40,"column":null}},"22":{"start":{"line":40,"column":52},"end":{"line":40,"column":null}},"23":{"start":{"line":41,"column":8},"end":{"line":41,"column":null}},"24":{"start":{"line":41,"column":50},"end":{"line":41,"column":null}},"25":{"start":{"line":43,"column":8},"end":{"line":49,"column":null}},"26":{"start":{"line":44,"column":10},"end":{"line":44,"column":null}},"27":{"start":{"line":44,"column":39},"end":{"line":44,"column":null}},"28":{"start":{"line":45,"column":10},"end":{"line":45,"column":null}},"29":{"start":{"line":45,"column":34},"end":{"line":45,"column":null}},"30":{"start":{"line":47,"column":10},"end":{"line":47,"column":null}},"31":{"start":{"line":47,"column":39},"end":{"line":47,"column":null}},"32":{"start":{"line":48,"column":10},"end":{"line":48,"column":null}},"33":{"start":{"line":48,"column":34},"end":{"line":48,"column":null}},"34":{"start":{"line":51,"column":8},"end":{"line":51,"column":null}},"35":{"start":{"line":52,"column":8},"end":{"line":52,"column":null}},"36":{"start":{"line":54,"column":8},"end":{"line":54,"column":null}},"37":{"start":{"line":58,"column":4},"end":{"line":58,"column":null}},"38":{"start":{"line":63,"column":1},"end":{"line":72,"column":null}},"39":{"start":{"line":64,"column":2},"end":{"line":71,"column":null}},"40":{"start":{"line":65,"column":4},"end":{"line":70,"column":null}},"41":{"start":{"line":66,"column":6},"end":{"line":68,"column":null}},"42":{"start":{"line":67,"column":8},"end":{"line":67,"column":null}},"43":{"start":{"line":69,"column":6},"end":{"line":69,"column":null}},"44":{"start":{"line":71,"column":16},"end":{"line":71,"column":67}},"45":{"start":{"line":74,"column":23},"end":{"line":82,"column":null}},"46":{"start":{"line":87,"column":0},"end":{"line":95,"column":null}},"47":{"start":{"line":88,"column":2},"end":{"line":94,"column":null}},"48":{"start":{"line":89,"column":16},"end":{"line":89,"column":null}},"49":{"start":{"line":90,"column":4},"end":{"line":90,"column":null}},"50":{"start":{"line":92,"column":4},"end":{"line":92,"column":null}},"51":{"start":{"line":93,"column":4},"end":{"line":93,"column":null}},"52":{"start":{"line":98,"column":0},"end":{"line":117,"column":null}},"53":{"start":{"line":99,"column":2},"end":{"line":116,"column":null}},"54":{"start":{"line":100,"column":20},"end":{"line":100,"column":null}},"55":{"start":{"line":101,"column":22},"end":{"line":101,"column":null}},"56":{"start":{"line":102,"column":4},"end":{"line":110,"column":null}},"57":{"start":{"line":103,"column":6},"end":{"line":109,"column":null}},"58":{"start":{"line":104,"column":25},"end":{"line":104,"column":null}},"59":{"start":{"line":104,"column":42},"end":{"line":104,"column":58}},"60":{"start":{"line":105,"column":8},"end":{"line":107,"column":null}},"61":{"start":{"line":106,"column":10},"end":{"line":106,"column":null}},"62":{"start":{"line":108,"column":8},"end":{"line":108,"column":null}},"63":{"start":{"line":111,"column":4},"end":{"line":111,"column":null}},"64":{"start":{"line":112,"column":4},"end":{"line":112,"column":null}},"65":{"start":{"line":114,"column":4},"end":{"line":114,"column":null}},"66":{"start":{"line":115,"column":4},"end":{"line":115,"column":null}},"67":{"start":{"line":121,"column":20},"end":{"line":121,"column":null}},"68":{"start":{"line":124,"column":0},"end":{"line":204,"column":null}},"69":{"start":{"line":125,"column":2},"end":{"line":203,"column":null}},"70":{"start":{"line":126,"column":27},"end":{"line":126,"column":null}},"71":{"start":{"line":127,"column":4},"end":{"line":129,"column":null}},"72":{"start":{"line":128,"column":6},"end":{"line":128,"column":null}},"73":{"start":{"line":131,"column":17},"end":{"line":131,"column":null}},"74":{"start":{"line":132,"column":20},"end":{"line":146,"column":null}},"75":{"start":{"line":133,"column":22},"end":{"line":133,"column":null}},"76":{"start":{"line":134,"column":6},"end":{"line":134,"column":null}},"77":{"start":{"line":134,"column":20},"end":{"line":134,"column":null}},"78":{"start":{"line":135,"column":6},"end":{"line":137,"column":null}},"79":{"start":{"line":136,"column":8},"end":{"line":136,"column":null}},"80":{"start":{"line":138,"column":6},"end":{"line":140,"column":null}},"81":{"start":{"line":139,"column":8},"end":{"line":139,"column":null}},"82":{"start":{"line":141,"column":6},"end":{"line":143,"column":null}},"83":{"start":{"line":142,"column":8},"end":{"line":142,"column":null}},"84":{"start":{"line":144,"column":6},"end":{"line":144,"column":null}},"85":{"start":{"line":145,"column":6},"end":{"line":145,"column":null}},"86":{"start":{"line":149,"column":22},"end":{"line":149,"column":null}},"87":{"start":{"line":149,"column":42},"end":{"line":149,"column":49}},"88":{"start":{"line":149,"column":60},"end":{"line":149,"column":65}},"89":{"start":{"line":150,"column":4},"end":{"line":163,"column":null}},"90":{"start":{"line":151,"column":29},"end":{"line":151,"column":null}},"91":{"start":{"line":152,"column":24},"end":{"line":155,"column":null}},"92":{"start":{"line":156,"column":26},"end":{"line":156,"column":null}},"93":{"start":{"line":156,"column":53},"end":{"line":156,"column":63}},"94":{"start":{"line":157,"column":6},"end":{"line":162,"column":null}},"95":{"start":{"line":158,"column":8},"end":{"line":161,"column":null}},"96":{"start":{"line":159,"column":10},"end":{"line":159,"column":null}},"97":{"start":{"line":160,"column":10},"end":{"line":160,"column":null}},"98":{"start":{"line":166,"column":22},"end":{"line":166,"column":null}},"99":{"start":{"line":166,"column":42},"end":{"line":166,"column":49}},"100":{"start":{"line":167,"column":4},"end":{"line":197,"column":null}},"101":{"start":{"line":168,"column":26},"end":{"line":168,"column":null}},"102":{"start":{"line":169,"column":6},"end":{"line":196,"column":null}},"103":{"start":{"line":169,"column":19},"end":{"line":169,"column":20}},"104":{"start":{"line":170,"column":22},"end":{"line":170,"column":null}},"105":{"start":{"line":171,"column":8},"end":{"line":195,"column":null}},"106":{"start":{"line":172,"column":10},"end":{"line":194,"column":null}},"107":{"start":{"line":173,"column":27},"end":{"line":173,"column":null}},"108":{"start":{"line":174,"column":12},"end":{"line":178,"column":null}},"109":{"start":{"line":175,"column":14},"end":{"line":175,"column":null}},"110":{"start":{"line":176,"column":14},"end":{"line":176,"column":null}},"111":{"start":{"line":177,"column":14},"end":{"line":177,"column":null}},"112":{"start":{"line":179,"column":12},"end":{"line":179,"column":null}},"113":{"start":{"line":181,"column":26},"end":{"line":181,"column":null}},"114":{"start":{"line":182,"column":12},"end":{"line":186,"column":null}},"115":{"start":{"line":183,"column":14},"end":{"line":183,"column":null}},"116":{"start":{"line":184,"column":14},"end":{"line":184,"column":null}},"117":{"start":{"line":185,"column":14},"end":{"line":185,"column":null}},"118":{"start":{"line":187,"column":12},"end":{"line":187,"column":null}},"119":{"start":{"line":188,"column":12},"end":{"line":188,"column":null}},"120":{"start":{"line":189,"column":12},"end":{"line":189,"column":null}},"121":{"start":{"line":190,"column":12},"end":{"line":190,"column":null}},"122":{"start":{"line":192,"column":12},"end":{"line":192,"column":null}},"123":{"start":{"line":193,"column":12},"end":{"line":193,"column":null}},"124":{"start":{"line":199,"column":4},"end":{"line":199,"column":null}},"125":{"start":{"line":201,"column":4},"end":{"line":201,"column":null}},"126":{"start":{"line":202,"column":4},"end":{"line":202,"column":null}},"127":{"start":{"line":209,"column":0},"end":{"line":390,"column":null}},"128":{"start":{"line":210,"column":15},"end":{"line":210,"column":null}},"129":{"start":{"line":211,"column":2},"end":{"line":389,"column":null}},"130":{"start":{"line":212,"column":40},"end":{"line":212,"column":null}},"131":{"start":{"line":213,"column":19},"end":{"line":213,"column":null}},"132":{"start":{"line":215,"column":4},"end":{"line":217,"column":null}},"133":{"start":{"line":216,"column":6},"end":{"line":216,"column":null}},"134":{"start":{"line":221,"column":4},"end":{"line":223,"column":null}},"135":{"start":{"line":222,"column":6},"end":{"line":222,"column":null}},"136":{"start":{"line":224,"column":4},"end":{"line":226,"column":null}},"137":{"start":{"line":225,"column":6},"end":{"line":225,"column":null}},"138":{"start":{"line":227,"column":4},"end":{"line":229,"column":null}},"139":{"start":{"line":228,"column":6},"end":{"line":228,"column":null}},"140":{"start":{"line":232,"column":22},"end":{"line":232,"column":null}},"141":{"start":{"line":233,"column":24},"end":{"line":233,"column":null}},"142":{"start":{"line":236,"column":23},"end":{"line":239,"column":null}},"143":{"start":{"line":237,"column":18},"end":{"line":237,"column":null}},"144":{"start":{"line":238,"column":6},"end":{"line":238,"column":null}},"145":{"start":{"line":239,"column":17},"end":{"line":239,"column":61}},"146":{"start":{"line":240,"column":4},"end":{"line":242,"column":null}},"147":{"start":{"line":241,"column":6},"end":{"line":241,"column":null}},"148":{"start":{"line":244,"column":26},"end":{"line":244,"column":null}},"149":{"start":{"line":244,"column":54},"end":{"line":244,"column":68}},"150":{"start":{"line":245,"column":22},"end":{"line":245,"column":null}},"151":{"start":{"line":248,"column":20},"end":{"line":248,"column":null}},"152":{"start":{"line":249,"column":4},"end":{"line":255,"column":null}},"153":{"start":{"line":250,"column":6},"end":{"line":254,"column":null}},"154":{"start":{"line":251,"column":8},"end":{"line":251,"column":null}},"155":{"start":{"line":253,"column":8},"end":{"line":253,"column":null}},"156":{"start":{"line":258,"column":16},"end":{"line":258,"column":null}},"157":{"start":{"line":259,"column":4},"end":{"line":385,"column":null}},"158":{"start":{"line":261,"column":21},"end":{"line":261,"column":null}},"159":{"start":{"line":262,"column":24},"end":{"line":262,"column":null}},"160":{"start":{"line":263,"column":6},"end":{"line":266,"column":null}},"161":{"start":{"line":264,"column":8},"end":{"line":264,"column":null}},"162":{"start":{"line":265,"column":8},"end":{"line":265,"column":null}},"163":{"start":{"line":268,"column":18},"end":{"line":268,"column":null}},"164":{"start":{"line":269,"column":17},"end":{"line":269,"column":null}},"165":{"start":{"line":270,"column":18},"end":{"line":270,"column":null}},"166":{"start":{"line":271,"column":22},"end":{"line":271,"column":null}},"167":{"start":{"line":272,"column":22},"end":{"line":272,"column":null}},"168":{"start":{"line":275,"column":25},"end":{"line":293,"column":null}},"169":{"start":{"line":281,"column":41},"end":{"line":281,"column":65}},"170":{"start":{"line":296,"column":27},"end":{"line":296,"column":null}},"171":{"start":{"line":297,"column":6},"end":{"line":360,"column":null}},"172":{"start":{"line":297,"column":19},"end":{"line":297,"column":20}},"173":{"start":{"line":298,"column":21},"end":{"line":298,"column":null}},"174":{"start":{"line":299,"column":24},"end":{"line":299,"column":null}},"175":{"start":{"line":300,"column":24},"end":{"line":300,"column":null}},"176":{"start":{"line":301,"column":25},"end":{"line":301,"column":null}},"177":{"start":{"line":304,"column":21},"end":{"line":304,"column":null}},"178":{"start":{"line":306,"column":26},"end":{"line":329,"column":null}},"179":{"start":{"line":332,"column":22},"end":{"line":332,"column":null}},"180":{"start":{"line":333,"column":29},"end":{"line":333,"column":null}},"181":{"start":{"line":335,"column":8},"end":{"line":357,"column":null}},"182":{"start":{"line":359,"column":8},"end":{"line":359,"column":null}},"183":{"start":{"line":363,"column":6},"end":{"line":366,"column":null}},"184":{"start":{"line":368,"column":6},"end":{"line":368,"column":null}},"185":{"start":{"line":370,"column":6},"end":{"line":372,"column":null}},"186":{"start":{"line":371,"column":8},"end":{"line":371,"column":null}},"187":{"start":{"line":371,"column":25},"end":{"line":371,"column":62}},"188":{"start":{"line":374,"column":6},"end":{"line":381,"column":null}},"189":{"start":{"line":383,"column":6},"end":{"line":383,"column":null}},"190":{"start":{"line":384,"column":6},"end":{"line":384,"column":null}},"191":{"start":{"line":387,"column":4},"end":{"line":387,"column":null}},"192":{"start":{"line":388,"column":4},"end":{"line":388,"column":null}},"193":{"start":{"line":395,"column":0},"end":{"line":432,"column":null}},"194":{"start":{"line":396,"column":2},"end":{"line":431,"column":null}},"195":{"start":{"line":397,"column":22},"end":{"line":397,"column":null}},"196":{"start":{"line":398,"column":19},"end":{"line":398,"column":null}},"197":{"start":{"line":399,"column":18},"end":{"line":399,"column":null}},"198":{"start":{"line":400,"column":20},"end":{"line":400,"column":null}},"199":{"start":{"line":403,"column":18},"end":{"line":403,"column":null}},"200":{"start":{"line":404,"column":4},"end":{"line":404,"column":null}},"201":{"start":{"line":404,"column":16},"end":{"line":404,"column":null}},"202":{"start":{"line":405,"column":4},"end":{"line":407,"column":null}},"203":{"start":{"line":406,"column":6},"end":{"line":406,"column":null}},"204":{"start":{"line":409,"column":19},"end":{"line":425,"column":null}},"205":{"start":{"line":411,"column":8},"end":{"line":412,"column":null}},"206":{"start":{"line":427,"column":4},"end":{"line":427,"column":null}},"207":{"start":{"line":429,"column":4},"end":{"line":429,"column":null}},"208":{"start":{"line":430,"column":4},"end":{"line":430,"column":null}},"209":{"start":{"line":437,"column":0},"end":{"line":518,"column":null}},"210":{"start":{"line":438,"column":2},"end":{"line":517,"column":null}},"211":{"start":{"line":439,"column":20},"end":{"line":439,"column":null}},"212":{"start":{"line":440,"column":4},"end":{"line":442,"column":null}},"213":{"start":{"line":441,"column":6},"end":{"line":441,"column":null}},"214":{"start":{"line":444,"column":19},"end":{"line":444,"column":null}},"215":{"start":{"line":445,"column":18},"end":{"line":445,"column":null}},"216":{"start":{"line":446,"column":20},"end":{"line":446,"column":null}},"217":{"start":{"line":447,"column":20},"end":{"line":447,"column":null}},"218":{"start":{"line":450,"column":22},"end":{"line":450,"column":null}},"219":{"start":{"line":450,"column":64},"end":{"line":450,"column":69}},"220":{"start":{"line":451,"column":4},"end":{"line":453,"column":null}},"221":{"start":{"line":452,"column":6},"end":{"line":452,"column":null}},"222":{"start":{"line":455,"column":25},"end":{"line":455,"column":null}},"223":{"start":{"line":456,"column":26},"end":{"line":458,"column":null}},"224":{"start":{"line":460,"column":23},"end":{"line":469,"column":null}},"225":{"start":{"line":470,"column":4},"end":{"line":470,"column":null}},"226":{"start":{"line":470,"column":22},"end":{"line":470,"column":null}},"227":{"start":{"line":472,"column":11},"end":{"line":475,"column":null}},"228":{"start":{"line":478,"column":4},"end":{"line":486,"column":null}},"229":{"start":{"line":479,"column":6},"end":{"line":485,"column":null}},"230":{"start":{"line":480,"column":23},"end":{"line":480,"column":null}},"231":{"start":{"line":481,"column":8},"end":{"line":481,"column":null}},"232":{"start":{"line":482,"column":8},"end":{"line":482,"column":null}},"233":{"start":{"line":484,"column":8},"end":{"line":484,"column":null}},"234":{"start":{"line":488,"column":19},"end":{"line":488,"column":null}},"235":{"start":{"line":491,"column":21},"end":{"line":491,"column":null}},"236":{"start":{"line":491,"column":45},"end":{"line":491,"column":49}},"237":{"start":{"line":492,"column":21},"end":{"line":492,"column":null}},"238":{"start":{"line":492,"column":44},"end":{"line":492,"column":61}},"239":{"start":{"line":494,"column":17},"end":{"line":511,"column":null}},"240":{"start":{"line":494,"column":34},"end":{"line":511,"column":5}},"241":{"start":{"line":513,"column":4},"end":{"line":513,"column":null}},"242":{"start":{"line":515,"column":4},"end":{"line":515,"column":null}},"243":{"start":{"line":516,"column":4},"end":{"line":516,"column":null}},"244":{"start":{"line":523,"column":0},"end":{"line":666,"column":null}},"245":{"start":{"line":524,"column":2},"end":{"line":665,"column":null}},"246":{"start":{"line":525,"column":20},"end":{"line":525,"column":null}},"247":{"start":{"line":526,"column":19},"end":{"line":526,"column":null}},"248":{"start":{"line":527,"column":19},"end":{"line":527,"column":null}},"249":{"start":{"line":529,"column":18},"end":{"line":529,"column":null}},"250":{"start":{"line":530,"column":4},"end":{"line":530,"column":null}},"251":{"start":{"line":530,"column":16},"end":{"line":530,"column":null}},"252":{"start":{"line":531,"column":4},"end":{"line":531,"column":null}},"253":{"start":{"line":531,"column":34},"end":{"line":531,"column":null}},"254":{"start":{"line":533,"column":4},"end":{"line":535,"column":null}},"255":{"start":{"line":534,"column":6},"end":{"line":534,"column":null}},"256":{"start":{"line":537,"column":19},"end":{"line":538,"column":null}},"257":{"start":{"line":540,"column":4},"end":{"line":544,"column":null}},"258":{"start":{"line":542,"column":6},"end":{"line":542,"column":null}},"259":{"start":{"line":543,"column":6},"end":{"line":543,"column":null}},"260":{"start":{"line":547,"column":4},"end":{"line":614,"column":null}},"261":{"start":{"line":548,"column":18},"end":{"line":548,"column":null}},"262":{"start":{"line":549,"column":6},"end":{"line":613,"column":null}},"263":{"start":{"line":550,"column":20},"end":{"line":550,"column":null}},"264":{"start":{"line":551,"column":19},"end":{"line":551,"column":null}},"265":{"start":{"line":552,"column":26},"end":{"line":552,"column":null}},"266":{"start":{"line":554,"column":8},"end":{"line":604,"column":null}},"267":{"start":{"line":554,"column":21},"end":{"line":554,"column":22}},"268":{"start":{"line":555,"column":24},"end":{"line":555,"column":null}},"269":{"start":{"line":556,"column":28},"end":{"line":557,"column":null}},"270":{"start":{"line":558,"column":10},"end":{"line":558,"column":null}},"271":{"start":{"line":558,"column":26},"end":{"line":558,"column":null}},"272":{"start":{"line":560,"column":28},"end":{"line":560,"column":null}},"273":{"start":{"line":561,"column":29},"end":{"line":561,"column":null}},"274":{"start":{"line":562,"column":28},"end":{"line":562,"column":null}},"275":{"start":{"line":563,"column":10},"end":{"line":563,"column":null}},"276":{"start":{"line":563,"column":31},"end":{"line":563,"column":null}},"277":{"start":{"line":565,"column":31},"end":{"line":565,"column":null}},"278":{"start":{"line":567,"column":10},"end":{"line":569,"column":null}},"279":{"start":{"line":571,"column":25},"end":{"line":571,"column":null}},"280":{"start":{"line":572,"column":28},"end":{"line":572,"column":null}},"281":{"start":{"line":573,"column":27},"end":{"line":573,"column":null}},"282":{"start":{"line":575,"column":10},"end":{"line":597,"column":null}},"283":{"start":{"line":599,"column":10},"end":{"line":601,"column":null}},"284":{"start":{"line":603,"column":10},"end":{"line":603,"column":null}},"285":{"start":{"line":606,"column":8},"end":{"line":606,"column":null}},"286":{"start":{"line":607,"column":8},"end":{"line":607,"column":null}},"287":{"start":{"line":608,"column":8},"end":{"line":608,"column":null}},"288":{"start":{"line":610,"column":8},"end":{"line":610,"column":null}},"289":{"start":{"line":611,"column":8},"end":{"line":611,"column":null}},"290":{"start":{"line":612,"column":8},"end":{"line":612,"column":null}},"291":{"start":{"line":617,"column":4},"end":{"line":619,"column":null}},"292":{"start":{"line":618,"column":6},"end":{"line":618,"column":null}},"293":{"start":{"line":620,"column":21},"end":{"line":621,"column":null}},"294":{"start":{"line":622,"column":4},"end":{"line":622,"column":null}},"295":{"start":{"line":622,"column":18},"end":{"line":622,"column":null}},"296":{"start":{"line":624,"column":26},"end":{"line":624,"column":null}},"297":{"start":{"line":625,"column":4},"end":{"line":632,"column":null}},"298":{"start":{"line":626,"column":24},"end":{"line":627,"column":null}},"299":{"start":{"line":628,"column":6},"end":{"line":628,"column":null}},"300":{"start":{"line":628,"column":22},"end":{"line":628,"column":null}},"301":{"start":{"line":629,"column":24},"end":{"line":629,"column":null}},"302":{"start":{"line":630,"column":24},"end":{"line":630,"column":null}},"303":{"start":{"line":631,"column":6},"end":{"line":631,"column":null}},"304":{"start":{"line":634,"column":4},"end":{"line":636,"column":null}},"305":{"start":{"line":635,"column":6},"end":{"line":635,"column":null}},"306":{"start":{"line":639,"column":21},"end":{"line":639,"column":null}},"307":{"start":{"line":639,"column":40},"end":{"line":639,"column":109}},"308":{"start":{"line":640,"column":24},"end":{"line":647,"column":null}},"309":{"start":{"line":642,"column":21},"end":{"line":642,"column":null}},"310":{"start":{"line":643,"column":23},"end":{"line":643,"column":null}},"311":{"start":{"line":644,"column":8},"end":{"line":644,"column":null}},"312":{"start":{"line":645,"column":8},"end":{"line":645,"column":null}},"313":{"start":{"line":648,"column":4},"end":{"line":650,"column":null}},"314":{"start":{"line":649,"column":6},"end":{"line":649,"column":null}},"315":{"start":{"line":649,"column":57},"end":{"line":649,"column":61}},"316":{"start":{"line":651,"column":4},"end":{"line":651,"column":null}},"317":{"start":{"line":653,"column":4},"end":{"line":659,"column":null}},"318":{"start":{"line":661,"column":4},"end":{"line":661,"column":null}},"319":{"start":{"line":663,"column":4},"end":{"line":663,"column":null}},"320":{"start":{"line":664,"column":4},"end":{"line":664,"column":null}},"321":{"start":{"line":669,"column":0},"end":{"line":783,"column":null}},"322":{"start":{"line":670,"column":2},"end":{"line":782,"column":null}},"323":{"start":{"line":671,"column":20},"end":{"line":671,"column":null}},"324":{"start":{"line":672,"column":19},"end":{"line":672,"column":null}},"325":{"start":{"line":674,"column":18},"end":{"line":674,"column":null}},"326":{"start":{"line":675,"column":4},"end":{"line":675,"column":null}},"327":{"start":{"line":675,"column":16},"end":{"line":675,"column":null}},"328":{"start":{"line":677,"column":18},"end":{"line":677,"column":null}},"329":{"start":{"line":678,"column":4},"end":{"line":678,"column":null}},"330":{"start":{"line":678,"column":44},"end":{"line":678,"column":null}},"331":{"start":{"line":680,"column":4},"end":{"line":682,"column":null}},"332":{"start":{"line":681,"column":6},"end":{"line":681,"column":null}},"333":{"start":{"line":684,"column":22},"end":{"line":685,"column":null}},"334":{"start":{"line":686,"column":22},"end":{"line":686,"column":null}},"335":{"start":{"line":687,"column":22},"end":{"line":687,"column":null}},"336":{"start":{"line":688,"column":25},"end":{"line":688,"column":null}},"337":{"start":{"line":690,"column":4},"end":{"line":692,"column":null}},"338":{"start":{"line":691,"column":6},"end":{"line":691,"column":null}},"339":{"start":{"line":695,"column":4},"end":{"line":751,"column":null}},"340":{"start":{"line":696,"column":18},"end":{"line":696,"column":null}},"341":{"start":{"line":697,"column":6},"end":{"line":750,"column":null}},"342":{"start":{"line":698,"column":20},"end":{"line":698,"column":null}},"343":{"start":{"line":699,"column":19},"end":{"line":699,"column":null}},"344":{"start":{"line":701,"column":8},"end":{"line":703,"column":null}},"345":{"start":{"line":705,"column":23},"end":{"line":705,"column":null}},"346":{"start":{"line":706,"column":26},"end":{"line":706,"column":null}},"347":{"start":{"line":707,"column":25},"end":{"line":707,"column":null}},"348":{"start":{"line":709,"column":8},"end":{"line":731,"column":null}},"349":{"start":{"line":733,"column":8},"end":{"line":735,"column":null}},"350":{"start":{"line":738,"column":26},"end":{"line":739,"column":null}},"351":{"start":{"line":740,"column":8},"end":{"line":742,"column":null}},"352":{"start":{"line":741,"column":10},"end":{"line":741,"column":null}},"353":{"start":{"line":744,"column":8},"end":{"line":744,"column":null}},"354":{"start":{"line":745,"column":8},"end":{"line":745,"column":null}},"355":{"start":{"line":747,"column":8},"end":{"line":747,"column":null}},"356":{"start":{"line":748,"column":8},"end":{"line":748,"column":null}},"357":{"start":{"line":749,"column":8},"end":{"line":749,"column":null}},"358":{"start":{"line":754,"column":4},"end":{"line":756,"column":null}},"359":{"start":{"line":755,"column":6},"end":{"line":755,"column":null}},"360":{"start":{"line":757,"column":21},"end":{"line":758,"column":null}},"361":{"start":{"line":759,"column":4},"end":{"line":759,"column":null}},"362":{"start":{"line":759,"column":18},"end":{"line":759,"column":null}},"363":{"start":{"line":762,"column":4},"end":{"line":767,"column":null}},"364":{"start":{"line":763,"column":19},"end":{"line":763,"column":null}},"365":{"start":{"line":764,"column":21},"end":{"line":764,"column":null}},"366":{"start":{"line":765,"column":6},"end":{"line":765,"column":null}},"367":{"start":{"line":766,"column":6},"end":{"line":766,"column":null}},"368":{"start":{"line":769,"column":4},"end":{"line":776,"column":null}},"369":{"start":{"line":778,"column":4},"end":{"line":778,"column":null}},"370":{"start":{"line":780,"column":4},"end":{"line":780,"column":null}},"371":{"start":{"line":781,"column":4},"end":{"line":781,"column":null}},"372":{"start":{"line":788,"column":0},"end":{"line":859,"column":null}},"373":{"start":{"line":789,"column":2},"end":{"line":858,"column":null}},"374":{"start":{"line":790,"column":18},"end":{"line":790,"column":null}},"375":{"start":{"line":791,"column":4},"end":{"line":791,"column":null}},"376":{"start":{"line":791,"column":16},"end":{"line":791,"column":null}},"377":{"start":{"line":793,"column":19},"end":{"line":793,"column":null}},"378":{"start":{"line":794,"column":4},"end":{"line":796,"column":null}},"379":{"start":{"line":795,"column":6},"end":{"line":795,"column":null}},"380":{"start":{"line":799,"column":21},"end":{"line":799,"column":null}},"381":{"start":{"line":800,"column":4},"end":{"line":802,"column":null}},"382":{"start":{"line":801,"column":6},"end":{"line":801,"column":null}},"383":{"start":{"line":805,"column":4},"end":{"line":807,"column":null}},"384":{"start":{"line":806,"column":6},"end":{"line":806,"column":null}},"385":{"start":{"line":810,"column":22},"end":{"line":810,"column":null}},"386":{"start":{"line":811,"column":19},"end":{"line":811,"column":null}},"387":{"start":{"line":812,"column":4},"end":{"line":818,"column":null}},"388":{"start":{"line":813,"column":6},"end":{"line":813,"column":null}},"389":{"start":{"line":814,"column":6},"end":{"line":814,"column":null}},"390":{"start":{"line":816,"column":6},"end":{"line":816,"column":null}},"391":{"start":{"line":817,"column":6},"end":{"line":817,"column":null}},"392":{"start":{"line":819,"column":23},"end":{"line":819,"column":null}},"393":{"start":{"line":820,"column":21},"end":{"line":820,"column":null}},"394":{"start":{"line":822,"column":4},"end":{"line":824,"column":null}},"395":{"start":{"line":823,"column":6},"end":{"line":823,"column":null}},"396":{"start":{"line":827,"column":16},"end":{"line":827,"column":null}},"397":{"start":{"line":828,"column":15},"end":{"line":828,"column":null}},"398":{"start":{"line":829,"column":16},"end":{"line":829,"column":null}},"399":{"start":{"line":830,"column":18},"end":{"line":830,"column":null}},"400":{"start":{"line":832,"column":4},"end":{"line":852,"column":null}},"401":{"start":{"line":854,"column":4},"end":{"line":854,"column":null}},"402":{"start":{"line":856,"column":4},"end":{"line":856,"column":null}},"403":{"start":{"line":857,"column":4},"end":{"line":857,"column":null}},"404":{"start":{"line":864,"column":0},"end":{"line":891,"column":null}},"405":{"start":{"line":865,"column":2},"end":{"line":890,"column":null}},"406":{"start":{"line":866,"column":18},"end":{"line":866,"column":null}},"407":{"start":{"line":867,"column":20},"end":{"line":867,"column":null}},"408":{"start":{"line":868,"column":4},"end":{"line":870,"column":null}},"409":{"start":{"line":869,"column":6},"end":{"line":869,"column":null}},"410":{"start":{"line":872,"column":19},"end":{"line":872,"column":null}},"411":{"start":{"line":873,"column":4},"end":{"line":873,"column":null}},"412":{"start":{"line":873,"column":17},"end":{"line":873,"column":null}},"413":{"start":{"line":875,"column":4},"end":{"line":877,"column":null}},"414":{"start":{"line":876,"column":6},"end":{"line":876,"column":null}},"415":{"start":{"line":879,"column":4},"end":{"line":884,"column":null}},"416":{"start":{"line":886,"column":4},"end":{"line":886,"column":null}},"417":{"start":{"line":888,"column":4},"end":{"line":888,"column":null}},"418":{"start":{"line":889,"column":4},"end":{"line":889,"column":null}},"419":{"start":{"line":894,"column":0},"end":{"line":922,"column":null}},"420":{"start":{"line":895,"column":2},"end":{"line":921,"column":null}},"421":{"start":{"line":896,"column":18},"end":{"line":896,"column":null}},"422":{"start":{"line":897,"column":20},"end":{"line":897,"column":null}},"423":{"start":{"line":898,"column":4},"end":{"line":900,"column":null}},"424":{"start":{"line":899,"column":6},"end":{"line":899,"column":null}},"425":{"start":{"line":902,"column":19},"end":{"line":902,"column":null}},"426":{"start":{"line":903,"column":4},"end":{"line":903,"column":null}},"427":{"start":{"line":903,"column":17},"end":{"line":903,"column":null}},"428":{"start":{"line":905,"column":4},"end":{"line":907,"column":null}},"429":{"start":{"line":906,"column":6},"end":{"line":906,"column":null}},"430":{"start":{"line":909,"column":4},"end":{"line":915,"column":null}},"431":{"start":{"line":917,"column":4},"end":{"line":917,"column":null}},"432":{"start":{"line":919,"column":4},"end":{"line":919,"column":null}},"433":{"start":{"line":920,"column":4},"end":{"line":920,"column":null}}},"fnMap":{"0":{"name":"retryMissingSnapshots","decl":{"start":{"line":16,"column":15},"end":{"line":16,"column":36}},"loc":{"start":{"line":16,"column":60},"end":{"line":60,"column":null}},"line":16},"1":{"name":"(anonymous_1)","decl":{"start":{"line":63,"column":2},"end":{"line":63,"column":7}},"loc":{"start":{"line":63,"column":14},"end":{"line":72,"column":1}},"line":63},"2":{"name":"(anonymous_2)","decl":{"start":{"line":66,"column":43},"end":{"line":66,"column":44}},"loc":{"start":{"line":66,"column":48},"end":{"line":68,"column":7}},"line":66},"3":{"name":"(anonymous_3)","decl":{"start":{"line":87,"column":36},"end":{"line":87,"column":41}},"loc":{"start":{"line":87,"column":56},"end":{"line":95,"column":1}},"line":87},"4":{"name":"(anonymous_4)","decl":{"start":{"line":98,"column":51},"end":{"line":98,"column":56}},"loc":{"start":{"line":98,"column":71},"end":{"line":117,"column":1}},"line":98},"5":{"name":"(anonymous_5)","decl":{"start":{"line":103,"column":40},"end":{"line":103,"column":41}},"loc":{"start":{"line":103,"column":45},"end":{"line":109,"column":7}},"line":103},"6":{"name":"(anonymous_6)","decl":{"start":{"line":104,"column":36},"end":{"line":104,"column":38}},"loc":{"start":{"line":104,"column":42},"end":{"line":104,"column":58}},"line":104},"7":{"name":"(anonymous_7)","decl":{"start":{"line":124,"column":42},"end":{"line":124,"column":47}},"loc":{"start":{"line":124,"column":62},"end":{"line":204,"column":1}},"line":124},"8":{"name":"(anonymous_8)","decl":{"start":{"line":132,"column":29},"end":{"line":132,"column":32}},"loc":{"start":{"line":132,"column":36},"end":{"line":146,"column":5}},"line":132},"9":{"name":"(anonymous_9)","decl":{"start":{"line":149,"column":37},"end":{"line":149,"column":38}},"loc":{"start":{"line":149,"column":42},"end":{"line":149,"column":49}},"line":149},"10":{"name":"(anonymous_10)","decl":{"start":{"line":149,"column":55},"end":{"line":149,"column":56}},"loc":{"start":{"line":149,"column":60},"end":{"line":149,"column":65}},"line":149},"11":{"name":"(anonymous_11)","decl":{"start":{"line":156,"column":48},"end":{"line":156,"column":49}},"loc":{"start":{"line":156,"column":53},"end":{"line":156,"column":63}},"line":156},"12":{"name":"(anonymous_12)","decl":{"start":{"line":166,"column":37},"end":{"line":166,"column":38}},"loc":{"start":{"line":166,"column":42},"end":{"line":166,"column":49}},"line":166},"13":{"name":"(anonymous_13)","decl":{"start":{"line":171,"column":36},"end":{"line":171,"column":41}},"loc":{"start":{"line":171,"column":49},"end":{"line":195,"column":9}},"line":171},"14":{"name":"(anonymous_14)","decl":{"start":{"line":209,"column":37},"end":{"line":209,"column":42}},"loc":{"start":{"line":209,"column":57},"end":{"line":390,"column":1}},"line":209},"15":{"name":"(anonymous_15)","decl":{"start":{"line":236,"column":36},"end":{"line":236,"column":37}},"loc":{"start":{"line":236,"column":41},"end":{"line":239,"column":5}},"line":236},"16":{"name":"(anonymous_16)","decl":{"start":{"line":239,"column":11},"end":{"line":239,"column":12}},"loc":{"start":{"line":239,"column":17},"end":{"line":239,"column":61}},"line":239},"17":{"name":"(anonymous_17)","decl":{"start":{"line":244,"column":44},"end":{"line":244,"column":45}},"loc":{"start":{"line":244,"column":54},"end":{"line":244,"column":68}},"line":244},"18":{"name":"(anonymous_18)","decl":{"start":{"line":281,"column":36},"end":{"line":281,"column":37}},"loc":{"start":{"line":281,"column":41},"end":{"line":281,"column":65}},"line":281},"19":{"name":"(anonymous_19)","decl":{"start":{"line":371,"column":19},"end":{"line":371,"column":20}},"loc":{"start":{"line":371,"column":25},"end":{"line":371,"column":62}},"line":371},"20":{"name":"(anonymous_20)","decl":{"start":{"line":395,"column":40},"end":{"line":395,"column":45}},"loc":{"start":{"line":395,"column":60},"end":{"line":432,"column":1}},"line":395},"21":{"name":"(anonymous_21)","decl":{"start":{"line":410,"column":35},"end":{"line":410,"column":43}},"loc":{"start":{"line":410,"column":47},"end":{"line":413,"column":7}},"line":410},"22":{"name":"(anonymous_22)","decl":{"start":{"line":437,"column":44},"end":{"line":437,"column":49}},"loc":{"start":{"line":437,"column":64},"end":{"line":518,"column":1}},"line":437},"23":{"name":"(anonymous_23)","decl":{"start":{"line":450,"column":59},"end":{"line":450,"column":60}},"loc":{"start":{"line":450,"column":64},"end":{"line":450,"column":69}},"line":450},"24":{"name":"(anonymous_24)","decl":{"start":{"line":491,"column":40},"end":{"line":491,"column":41}},"loc":{"start":{"line":491,"column":45},"end":{"line":491,"column":49}},"line":491},"25":{"name":"(anonymous_25)","decl":{"start":{"line":492,"column":38},"end":{"line":492,"column":40}},"loc":{"start":{"line":492,"column":44},"end":{"line":492,"column":61}},"line":492},"26":{"name":"(anonymous_26)","decl":{"start":{"line":494,"column":28},"end":{"line":494,"column":29}},"loc":{"start":{"line":494,"column":34},"end":{"line":511,"column":5}},"line":494},"27":{"name":"(anonymous_27)","decl":{"start":{"line":523,"column":41},"end":{"line":523,"column":46}},"loc":{"start":{"line":523,"column":61},"end":{"line":666,"column":1}},"line":523},"28":{"name":"(anonymous_28)","decl":{"start":{"line":639,"column":35},"end":{"line":639,"column":36}},"loc":{"start":{"line":639,"column":40},"end":{"line":639,"column":109}},"line":639},"29":{"name":"(anonymous_29)","decl":{"start":{"line":641,"column":19},"end":{"line":641,"column":24}},"loc":{"start":{"line":641,"column":30},"end":{"line":646,"column":7}},"line":641},"30":{"name":"(anonymous_30)","decl":{"start":{"line":649,"column":52},"end":{"line":649,"column":53}},"loc":{"start":{"line":649,"column":57},"end":{"line":649,"column":61}},"line":649},"31":{"name":"(anonymous_31)","decl":{"start":{"line":669,"column":48},"end":{"line":669,"column":53}},"loc":{"start":{"line":669,"column":68},"end":{"line":783,"column":1}},"line":669},"32":{"name":"(anonymous_32)","decl":{"start":{"line":788,"column":60},"end":{"line":788,"column":65}},"loc":{"start":{"line":788,"column":80},"end":{"line":859,"column":1}},"line":788},"33":{"name":"(anonymous_33)","decl":{"start":{"line":864,"column":52},"end":{"line":864,"column":57}},"loc":{"start":{"line":864,"column":72},"end":{"line":891,"column":1}},"line":864},"34":{"name":"(anonymous_34)","decl":{"start":{"line":894,"column":51},"end":{"line":894,"column":56}},"loc":{"start":{"line":894,"column":71},"end":{"line":922,"column":1}},"line":894}},"branchMap":{"0":{"loc":{"start":{"line":20,"column":4},"end":{"line":24,"column":null}},"type":"if","locations":[{"start":{"line":20,"column":4},"end":{"line":24,"column":null}},{"start":{"line":22,"column":11},"end":{"line":24,"column":null}}],"line":20},"1":{"loc":{"start":{"line":28,"column":4},"end":{"line":28,"column":null}},"type":"if","locations":[{"start":{"line":28,"column":4},"end":{"line":28,"column":null}},{"start":{},"end":{}}],"line":28},"2":{"loc":{"start":{"line":37,"column":8},"end":{"line":37,"column":null}},"type":"if","locations":[{"start":{"line":37,"column":8},"end":{"line":37,"column":null}},{"start":{},"end":{}}],"line":37},"3":{"loc":{"start":{"line":37,"column":12},"end":{"line":37,"column":42}},"type":"binary-expr","locations":[{"start":{"line":37,"column":12},"end":{"line":37,"column":26}},{"start":{"line":37,"column":30},"end":{"line":37,"column":42}}],"line":37},"4":{"loc":{"start":{"line":38,"column":8},"end":{"line":38,"column":null}},"type":"if","locations":[{"start":{"line":38,"column":8},"end":{"line":38,"column":null}},{"start":{},"end":{}}],"line":38},"5":{"loc":{"start":{"line":38,"column":12},"end":{"line":38,"column":38}},"type":"binary-expr","locations":[{"start":{"line":38,"column":12},"end":{"line":38,"column":24}},{"start":{"line":38,"column":28},"end":{"line":38,"column":38}}],"line":38},"6":{"loc":{"start":{"line":39,"column":8},"end":{"line":39,"column":null}},"type":"if","locations":[{"start":{"line":39,"column":8},"end":{"line":39,"column":null}},{"start":{},"end":{}}],"line":39},"7":{"loc":{"start":{"line":39,"column":12},"end":{"line":39,"column":46}},"type":"binary-expr","locations":[{"start":{"line":39,"column":12},"end":{"line":39,"column":28}},{"start":{"line":39,"column":32},"end":{"line":39,"column":46}}],"line":39},"8":{"loc":{"start":{"line":40,"column":8},"end":{"line":40,"column":null}},"type":"if","locations":[{"start":{"line":40,"column":8},"end":{"line":40,"column":null}},{"start":{},"end":{}}],"line":40},"9":{"loc":{"start":{"line":40,"column":12},"end":{"line":40,"column":50}},"type":"binary-expr","locations":[{"start":{"line":40,"column":12},"end":{"line":40,"column":30}},{"start":{"line":40,"column":34},"end":{"line":40,"column":50}}],"line":40},"10":{"loc":{"start":{"line":41,"column":8},"end":{"line":41,"column":null}},"type":"if","locations":[{"start":{"line":41,"column":8},"end":{"line":41,"column":null}},{"start":{},"end":{}}],"line":41},"11":{"loc":{"start":{"line":41,"column":12},"end":{"line":41,"column":48}},"type":"binary-expr","locations":[{"start":{"line":41,"column":12},"end":{"line":41,"column":29}},{"start":{"line":41,"column":33},"end":{"line":41,"column":48}}],"line":41},"12":{"loc":{"start":{"line":43,"column":8},"end":{"line":49,"column":null}},"type":"if","locations":[{"start":{"line":43,"column":8},"end":{"line":49,"column":null}},{"start":{"line":46,"column":15},"end":{"line":49,"column":null}}],"line":43},"13":{"loc":{"start":{"line":44,"column":10},"end":{"line":44,"column":null}},"type":"if","locations":[{"start":{"line":44,"column":10},"end":{"line":44,"column":null}},{"start":{},"end":{}}],"line":44},"14":{"loc":{"start":{"line":45,"column":10},"end":{"line":45,"column":null}},"type":"if","locations":[{"start":{"line":45,"column":10},"end":{"line":45,"column":null}},{"start":{},"end":{}}],"line":45},"15":{"loc":{"start":{"line":47,"column":10},"end":{"line":47,"column":null}},"type":"if","locations":[{"start":{"line":47,"column":10},"end":{"line":47,"column":null}},{"start":{},"end":{}}],"line":47},"16":{"loc":{"start":{"line":48,"column":10},"end":{"line":48,"column":null}},"type":"if","locations":[{"start":{"line":48,"column":10},"end":{"line":48,"column":null}},{"start":{},"end":{}}],"line":48},"17":{"loc":{"start":{"line":65,"column":4},"end":{"line":70,"column":null}},"type":"if","locations":[{"start":{"line":65,"column":4},"end":{"line":70,"column":null}},{"start":{},"end":{}}],"line":65},"18":{"loc":{"start":{"line":65,"column":8},"end":{"line":65,"column":98}},"type":"binary-expr","locations":[{"start":{"line":65,"column":8},"end":{"line":65,"column":42}},{"start":{"line":65,"column":46},"end":{"line":65,"column":98}}],"line":65},"19":{"loc":{"start":{"line":102,"column":4},"end":{"line":110,"column":null}},"type":"if","locations":[{"start":{"line":102,"column":4},"end":{"line":110,"column":null}},{"start":{},"end":{}}],"line":102},"20":{"loc":{"start":{"line":105,"column":8},"end":{"line":107,"column":null}},"type":"if","locations":[{"start":{"line":105,"column":8},"end":{"line":107,"column":null}},{"start":{},"end":{}}],"line":105},"21":{"loc":{"start":{"line":105,"column":12},"end":{"line":105,"column":61}},"type":"binary-expr","locations":[{"start":{"line":105,"column":12},"end":{"line":105,"column":20}},{"start":{"line":105,"column":24},"end":{"line":105,"column":61}}],"line":105},"22":{"loc":{"start":{"line":127,"column":4},"end":{"line":129,"column":null}},"type":"if","locations":[{"start":{"line":127,"column":4},"end":{"line":129,"column":null}},{"start":{},"end":{}}],"line":127},"23":{"loc":{"start":{"line":127,"column":8},"end":{"line":127,"column":49}},"type":"binary-expr","locations":[{"start":{"line":127,"column":8},"end":{"line":127,"column":28}},{"start":{"line":127,"column":32},"end":{"line":127,"column":49}}],"line":127},"24":{"loc":{"start":{"line":133,"column":23},"end":{"line":133,"column":32}},"type":"binary-expr","locations":[{"start":{"line":133,"column":23},"end":{"line":133,"column":26}},{"start":{"line":133,"column":30},"end":{"line":133,"column":32}}],"line":133},"25":{"loc":{"start":{"line":134,"column":6},"end":{"line":134,"column":null}},"type":"if","locations":[{"start":{"line":134,"column":6},"end":{"line":134,"column":null}},{"start":{},"end":{}}],"line":134},"26":{"loc":{"start":{"line":135,"column":6},"end":{"line":137,"column":null}},"type":"if","locations":[{"start":{"line":135,"column":6},"end":{"line":137,"column":null}},{"start":{},"end":{}}],"line":135},"27":{"loc":{"start":{"line":135,"column":10},"end":{"line":135,"column":75}},"type":"binary-expr","locations":[{"start":{"line":135,"column":10},"end":{"line":135,"column":40}},{"start":{"line":135,"column":44},"end":{"line":135,"column":75}}],"line":135},"28":{"loc":{"start":{"line":138,"column":6},"end":{"line":140,"column":null}},"type":"if","locations":[{"start":{"line":138,"column":6},"end":{"line":140,"column":null}},{"start":{},"end":{}}],"line":138},"29":{"loc":{"start":{"line":141,"column":6},"end":{"line":143,"column":null}},"type":"if","locations":[{"start":{"line":141,"column":6},"end":{"line":143,"column":null}},{"start":{},"end":{}}],"line":141},"30":{"loc":{"start":{"line":150,"column":4},"end":{"line":163,"column":null}},"type":"if","locations":[{"start":{"line":150,"column":4},"end":{"line":163,"column":null}},{"start":{},"end":{}}],"line":150},"31":{"loc":{"start":{"line":158,"column":8},"end":{"line":161,"column":null}},"type":"if","locations":[{"start":{"line":158,"column":8},"end":{"line":161,"column":null}},{"start":{},"end":{}}],"line":158},"32":{"loc":{"start":{"line":158,"column":12},"end":{"line":158,"column":45}},"type":"binary-expr","locations":[{"start":{"line":158,"column":12},"end":{"line":158,"column":19}},{"start":{"line":158,"column":23},"end":{"line":158,"column":45}}],"line":158},"33":{"loc":{"start":{"line":167,"column":4},"end":{"line":197,"column":null}},"type":"if","locations":[{"start":{"line":167,"column":4},"end":{"line":197,"column":null}},{"start":{},"end":{}}],"line":167},"34":{"loc":{"start":{"line":174,"column":12},"end":{"line":178,"column":null}},"type":"if","locations":[{"start":{"line":174,"column":12},"end":{"line":178,"column":null}},{"start":{},"end":{}}],"line":174},"35":{"loc":{"start":{"line":182,"column":12},"end":{"line":186,"column":null}},"type":"if","locations":[{"start":{"line":182,"column":12},"end":{"line":186,"column":null}},{"start":{},"end":{}}],"line":182},"36":{"loc":{"start":{"line":182,"column":16},"end":{"line":182,"column":42}},"type":"binary-expr","locations":[{"start":{"line":182,"column":16},"end":{"line":182,"column":22}},{"start":{"line":182,"column":26},"end":{"line":182,"column":42}}],"line":182},"37":{"loc":{"start":{"line":188,"column":28},"end":{"line":188,"column":null}},"type":"binary-expr","locations":[{"start":{"line":188,"column":28},"end":{"line":188,"column":45}},{"start":{"line":188,"column":49},"end":{"line":188,"column":null}}],"line":188},"38":{"loc":{"start":{"line":189,"column":22},"end":{"line":189,"column":null}},"type":"binary-expr","locations":[{"start":{"line":189,"column":22},"end":{"line":189,"column":33}},{"start":{"line":189,"column":37},"end":{"line":189,"column":null}}],"line":189},"39":{"loc":{"start":{"line":190,"column":27},"end":{"line":190,"column":null}},"type":"binary-expr","locations":[{"start":{"line":190,"column":27},"end":{"line":190,"column":43}},{"start":{"line":190,"column":47},"end":{"line":190,"column":null}}],"line":190},"40":{"loc":{"start":{"line":215,"column":4},"end":{"line":217,"column":null}},"type":"if","locations":[{"start":{"line":215,"column":4},"end":{"line":217,"column":null}},{"start":{},"end":{}}],"line":215},"41":{"loc":{"start":{"line":215,"column":8},"end":{"line":215,"column":60}},"type":"binary-expr","locations":[{"start":{"line":215,"column":8},"end":{"line":215,"column":13}},{"start":{"line":215,"column":17},"end":{"line":215,"column":38}},{"start":{"line":215,"column":42},"end":{"line":215,"column":60}}],"line":215},"42":{"loc":{"start":{"line":221,"column":4},"end":{"line":223,"column":null}},"type":"if","locations":[{"start":{"line":221,"column":4},"end":{"line":223,"column":null}},{"start":{},"end":{}}],"line":221},"43":{"loc":{"start":{"line":224,"column":4},"end":{"line":226,"column":null}},"type":"if","locations":[{"start":{"line":224,"column":4},"end":{"line":226,"column":null}},{"start":{},"end":{}}],"line":224},"44":{"loc":{"start":{"line":227,"column":4},"end":{"line":229,"column":null}},"type":"if","locations":[{"start":{"line":227,"column":4},"end":{"line":229,"column":null}},{"start":{},"end":{}}],"line":227},"45":{"loc":{"start":{"line":233,"column":24},"end":{"line":233,"column":null}},"type":"binary-expr","locations":[{"start":{"line":233,"column":24},"end":{"line":233,"column":44}},{"start":{"line":233,"column":48},"end":{"line":233,"column":null}}],"line":233},"46":{"loc":{"start":{"line":238,"column":13},"end":{"line":238,"column":null}},"type":"binary-expr","locations":[{"start":{"line":238,"column":13},"end":{"line":238,"column":18}},{"start":{"line":238,"column":22},"end":{"line":238,"column":42}},{"start":{"line":238,"column":46},"end":{"line":238,"column":64}},{"start":{"line":238,"column":68},"end":{"line":238,"column":null}}],"line":238},"47":{"loc":{"start":{"line":240,"column":4},"end":{"line":242,"column":null}},"type":"if","locations":[{"start":{"line":240,"column":4},"end":{"line":242,"column":null}},{"start":{},"end":{}}],"line":240},"48":{"loc":{"start":{"line":249,"column":4},"end":{"line":255,"column":null}},"type":"if","locations":[{"start":{"line":249,"column":4},"end":{"line":255,"column":null}},{"start":{},"end":{}}],"line":249},"49":{"loc":{"start":{"line":262,"column":24},"end":{"line":262,"column":null}},"type":"cond-expr","locations":[{"start":{"line":262,"column":33},"end":{"line":262,"column":68}},{"start":{"line":262,"column":71},"end":{"line":262,"column":null}}],"line":262},"50":{"loc":{"start":{"line":263,"column":6},"end":{"line":266,"column":null}},"type":"if","locations":[{"start":{"line":263,"column":6},"end":{"line":266,"column":null}},{"start":{},"end":{}}],"line":263},"51":{"loc":{"start":{"line":304,"column":21},"end":{"line":304,"column":null}},"type":"binary-expr","locations":[{"start":{"line":304,"column":21},"end":{"line":304,"column":37}},{"start":{"line":304,"column":41},"end":{"line":304,"column":null}}],"line":304},"52":{"loc":{"start":{"line":311,"column":19},"end":{"line":311,"column":39}},"type":"binary-expr","locations":[{"start":{"line":311,"column":19},"end":{"line":311,"column":31}},{"start":{"line":311,"column":35},"end":{"line":311,"column":39}}],"line":311},"53":{"loc":{"start":{"line":315,"column":17},"end":{"line":315,"column":35}},"type":"binary-expr","locations":[{"start":{"line":315,"column":17},"end":{"line":315,"column":27}},{"start":{"line":315,"column":31},"end":{"line":315,"column":35}}],"line":315},"54":{"loc":{"start":{"line":316,"column":21},"end":{"line":316,"column":43}},"type":"binary-expr","locations":[{"start":{"line":316,"column":21},"end":{"line":316,"column":35}},{"start":{"line":316,"column":39},"end":{"line":316,"column":43}}],"line":316},"55":{"loc":{"start":{"line":317,"column":23},"end":{"line":317,"column":47}},"type":"binary-expr","locations":[{"start":{"line":317,"column":23},"end":{"line":317,"column":39}},{"start":{"line":317,"column":43},"end":{"line":317,"column":47}}],"line":317},"56":{"loc":{"start":{"line":318,"column":22},"end":{"line":318,"column":45}},"type":"binary-expr","locations":[{"start":{"line":318,"column":22},"end":{"line":318,"column":37}},{"start":{"line":318,"column":41},"end":{"line":318,"column":45}}],"line":318},"57":{"loc":{"start":{"line":319,"column":22},"end":{"line":319,"column":45}},"type":"binary-expr","locations":[{"start":{"line":319,"column":22},"end":{"line":319,"column":37}},{"start":{"line":319,"column":41},"end":{"line":319,"column":45}}],"line":319},"58":{"loc":{"start":{"line":324,"column":39},"end":{"line":324,"column":62}},"type":"binary-expr","locations":[{"start":{"line":324,"column":39},"end":{"line":324,"column":54}},{"start":{"line":324,"column":58},"end":{"line":324,"column":62}}],"line":324},"59":{"loc":{"start":{"line":325,"column":41},"end":{"line":325,"column":84}},"type":"cond-expr","locations":[{"start":{"line":325,"column":59},"end":{"line":325,"column":77}},{"start":{"line":325,"column":80},"end":{"line":325,"column":84}}],"line":325},"60":{"loc":{"start":{"line":326,"column":41},"end":{"line":326,"column":84}},"type":"cond-expr","locations":[{"start":{"line":326,"column":59},"end":{"line":326,"column":77}},{"start":{"line":326,"column":80},"end":{"line":326,"column":84}}],"line":326},"61":{"loc":{"start":{"line":370,"column":6},"end":{"line":372,"column":null}},"type":"if","locations":[{"start":{"line":370,"column":6},"end":{"line":372,"column":null}},{"start":{},"end":{}}],"line":370},"62":{"loc":{"start":{"line":399,"column":18},"end":{"line":399,"column":null}},"type":"binary-expr","locations":[{"start":{"line":399,"column":18},"end":{"line":399,"column":32}},{"start":{"line":399,"column":36},"end":{"line":399,"column":null}}],"line":399},"63":{"loc":{"start":{"line":400,"column":20},"end":{"line":400,"column":null}},"type":"binary-expr","locations":[{"start":{"line":400,"column":20},"end":{"line":400,"column":43}},{"start":{"line":400,"column":47},"end":{"line":400,"column":null}}],"line":400},"64":{"loc":{"start":{"line":404,"column":4},"end":{"line":404,"column":null}},"type":"if","locations":[{"start":{"line":404,"column":4},"end":{"line":404,"column":null}},{"start":{},"end":{}}],"line":404},"65":{"loc":{"start":{"line":405,"column":4},"end":{"line":407,"column":null}},"type":"if","locations":[{"start":{"line":405,"column":4},"end":{"line":407,"column":null}},{"start":{},"end":{}}],"line":405},"66":{"loc":{"start":{"line":405,"column":8},"end":{"line":405,"column":44}},"type":"binary-expr","locations":[{"start":{"line":405,"column":8},"end":{"line":405,"column":16}},{"start":{"line":405,"column":20},"end":{"line":405,"column":44}}],"line":405},"67":{"loc":{"start":{"line":440,"column":4},"end":{"line":442,"column":null}},"type":"if","locations":[{"start":{"line":440,"column":4},"end":{"line":442,"column":null}},{"start":{},"end":{}}],"line":440},"68":{"loc":{"start":{"line":440,"column":8},"end":{"line":440,"column":47}},"type":"binary-expr","locations":[{"start":{"line":440,"column":8},"end":{"line":440,"column":27}},{"start":{"line":440,"column":31},"end":{"line":440,"column":47}}],"line":440},"69":{"loc":{"start":{"line":445,"column":18},"end":{"line":445,"column":null}},"type":"binary-expr","locations":[{"start":{"line":445,"column":18},"end":{"line":445,"column":32}},{"start":{"line":445,"column":36},"end":{"line":445,"column":null}}],"line":445},"70":{"loc":{"start":{"line":446,"column":20},"end":{"line":446,"column":null}},"type":"binary-expr","locations":[{"start":{"line":446,"column":20},"end":{"line":446,"column":43}},{"start":{"line":446,"column":47},"end":{"line":446,"column":null}}],"line":446},"71":{"loc":{"start":{"line":451,"column":4},"end":{"line":453,"column":null}},"type":"if","locations":[{"start":{"line":451,"column":4},"end":{"line":453,"column":null}},{"start":{},"end":{}}],"line":451},"72":{"loc":{"start":{"line":456,"column":26},"end":{"line":458,"column":null}},"type":"cond-expr","locations":[{"start":{"line":457,"column":8},"end":{"line":457,"column":null}},{"start":{"line":458,"column":8},"end":{"line":458,"column":null}}],"line":456},"73":{"loc":{"start":{"line":470,"column":4},"end":{"line":470,"column":null}},"type":"if","locations":[{"start":{"line":470,"column":4},"end":{"line":470,"column":null}},{"start":{},"end":{}}],"line":470},"74":{"loc":{"start":{"line":478,"column":4},"end":{"line":486,"column":null}},"type":"if","locations":[{"start":{"line":478,"column":4},"end":{"line":486,"column":null}},{"start":{},"end":{}}],"line":478},"75":{"loc":{"start":{"line":479,"column":6},"end":{"line":485,"column":null}},"type":"if","locations":[{"start":{"line":479,"column":6},"end":{"line":485,"column":null}},{"start":{"line":483,"column":13},"end":{"line":485,"column":null}}],"line":479},"76":{"loc":{"start":{"line":499,"column":20},"
[...]
t":{"line":348,"column":20},"end":{"line":348,"column":37}},{"start":{"line":348,"column":41},"end":{"line":348,"column":42}}],"line":348},"48":{"loc":{"start":{"line":348,"column":51},"end":{"line":348,"column":70}},"type":"binary-expr","locations":[{"start":{"line":348,"column":51},"end":{"line":348,"column":65}},{"start":{"line":348,"column":69},"end":{"line":348,"column":70}}],"line":348},"49":{"loc":{"start":{"line":354,"column":4},"end":{"line":370,"column":null}},"type":"if","locations":[{"start":{"line":354,"column":4},"end":{"line":370,"column":null}},{"start":{},"end":{}}],"line":354},"50":{"loc":{"start":{"line":366,"column":19},"end":{"line":366,"column":35}},"type":"binary-expr","locations":[{"start":{"line":366,"column":19},"end":{"line":366,"column":29}},{"start":{"line":366,"column":33},"end":{"line":366,"column":35}}],"line":366},"51":{"loc":{"start":{"line":382,"column":14},"end":{"line":382,"column":47}},"type":"cond-expr","locations":[{"start":{"line":382,"column":22},"end":{"line":382,"column":32}},{"start":{"line":382,"column":35},"end":{"line":382,"column":47}}],"line":382},"52":{"loc":{"start":{"line":383,"column":21},"end":{"line":383,"column":40}},"type":"cond-expr","locations":[{"start":{"line":383,"column":29},"end":{"line":383,"column":33}},{"start":{"line":383,"column":36},"end":{"line":383,"column":40}}],"line":383},"53":{"loc":{"start":{"line":383,"column":56},"end":{"line":383,"column":81}},"type":"binary-expr","locations":[{"start":{"line":383,"column":56},"end":{"line":383,"column":76}},{"start":{"line":383,"column":80},"end":{"line":383,"column":81}}],"line":383},"54":{"loc":{"start":{"line":384,"column":14},"end":{"line":384,"column":36}},"type":"binary-expr","locations":[{"start":{"line":384,"column":14},"end":{"line":384,"column":30}},{"start":{"line":384,"column":34},"end":{"line":384,"column":36}}],"line":384}},"s":{"0":1,"1":1,"2":1,"3":1,"4":3,"5":3,"6":3,"7":3,"8":3,"9":0,"10":1,"11":4,"12":4,"13":4,"14":1,"15":3,"16":3,"17":1,"18":2,"19":0,"20":1,"21":2,"22":2,"23":2,"24":2,"25":2,"26":0,"27":1,"28":2,"29":2,"30":2,"31":1,"32":1,"33":1,"34":1,"35":0,"36":0,"37":1,"38":0,"39":0,"40":0,"41":0,"42":0,"43":0,"44":1,"45":0,"46":0,"47":0,"48":0,"49":0,"50":0,"51":1,"52":0,"53":0,"54":0,"55":0,"56":0,"57":0,"58":1,"59":3,"60":3,"61":3,"62":1,"63":2,"64":2,"65":2,"66":2,"67":0,"68":1,"69":0,"70":0,"71":0,"72":0,"73":0,"74":0,"75":0,"76":0,"77":0,"78":0,"79":0,"80":0,"81":0,"82":0,"83":0,"84":0,"85":0,"86":0,"87":0,"88":0,"89":0,"90":0,"91":0,"92":0,"93":0,"94":0,"95":0,"96":1,"97":0,"98":0,"99":0,"100":0,"101":0,"102":0,"103":0,"104":0,"105":0,"106":0,"107":0,"108":0,"109":1,"110":0,"111":0,"112":0,"113":0,"114":0,"115":1,"116":1,"117":1,"118":1,"119":1,"120":1,"121":1,"122":1,"123":1,"124":1,"125":0,"126":1,"127":1,"128":0,"129":0,"130":0,"131":1,"132":1,"133":0,"134":0,"135":1,"136":0,"137":0,"138":0,"139":1,"140":1,"141":0,"142":0,"143":1,"144":0,"145":1,"146":1,"147":1,"148":1,"149":1,"150":1,"151":0},"f":{"0":3,"1":4,"2":2,"3":2,"4":0,"5":0,"6":0,"7":3,"8":0,"9":0,"10":0,"11":0,"12":0,"13":0,"14":1,"15":0},"b":{"0":[3],"1":[3],"2":[1,3],"3":[1,2],"4":[3,2],"5":[2],"6":[2],"7":[1,1],"8":[1,0],"9":[1,1],"10":[0],"11":[0],"12":[0],"13":[0],"14":[0],"15":[0],"16":[3,0],"17":[1,2],"18":[3,2],"19":[2],"20":[2],"21":[0,0],"22":[0,0],"23":[0,0],"24":[0],"25":[0],"26":[0,0],"27":[0,0],"28":[0,0],"29":[0,0],"30":[0,0],"31":[0,0],"32":[0,0],"33":[0,0],"34":[0,0],"35":[1,0],"36":[1,1],"37":[0,0],"38":[0,0],"39":[0,0],"40":[0,0],"41":[0,0],"42":[0,0],"43":[0,0],"44":[0,0],"45":[0,0],"46":[0,0],"47":[0,0],"48":[0,0],"49":[0,1],"50":[0,0],"51":[0,0],"52":[0,0],"53":[0,0],"54":[0,0]},"meta":{"lastBranch":55,"lastFunction":16,"lastStatement":152,"seen":{"s:7:14:7:Infinity":0,"s:8:19:8:Infinity":1,"s:11:0:11:Infinity":2,"s:16:0:31:Infinity":3,"f:16:23:16:28":0,"s:17:2:30:Infinity":4,"s:18:20:18:Infinity":5,"s:19:58:19:Infinity":6,"b:19:19:19:20":0,"b:19:33:19:35":1,"s:20:19:26:Infinity":7,"s:27:4:27:Infinity":8,"s:29:4:29:Infinity":9,"s:34:0:49:Infinity":10,"f:34:27:34:32":1,"s:35:2:48:Infinity":11,"s:36:18:36:Infinity":12,"b:37:4:39:Infinity:undefined:undefined:undefined:undefined":2,"s:37:4:39:Infinity":13,"s:38:6:38:Infinity":14,"s:41:20:41:Infinity":15,"b:42:4:44:Infinity:undefined:undefined:undefined:undefined":3,"s:42:4:44:Infinity":16,"b:42:8:42:24:42:28:42:60":4,"s:43:6:43:Infinity":17,"s:45:4:45:Infinity":18,"s:47:4:47:Infinity":19,"s:54:0:70:Infinity":20,"f:54:22:54:27":2,"s:55:2:69:Infinity":21,"s:56:20:56:Infinity":22,"s:57:77:57:Infinity":23,"b:57:19:57:20":5,"b:57:33:57:35":6,"s:58:19:65:Infinity":24,"s:66:4:66:Infinity":25,"s:68:4:68:Infinity":26,"s:73:0:87:Infinity":27,"f:73:26:73:31":3,"s:74:2:86:Infinity":28,"s:75:18:75:Infinity":29,"b:76:4:78:Infinity:undefined:undefined:undefined:undefined":7,"s:76:4:78:Infinity":30,"s:77:6:77:Infinity":31,"s:79:20:79:Infinity":32,"b:80:4:82:Infinity:undefined:undefined:undefined:undefined":8,"s:80:4:82:Infinity":33,"b:80:8:80:24:80:28:80:60":9,"s:81:6:81:Infinity":34,"s:83:4:83:Infinity":35,"s:85:4:85:Infinity":36,"s:92:0:106:Infinity":37,"f:92:29:92:34":4,"s:93:2:105:Infinity":38,"s:94:20:94:Infinity":39,"s:95:56:95:Infinity":40,"b:95:19:95:20":10,"b:95:33:95:35":11,"s:96:19:101:Infinity":41,"s:102:4:102:Infinity":42,"s:104:4:104:Infinity":43,"s:109:0:123:Infinity":44,"f:109:31:109:36":5,"s:110:2:122:Infinity":45,"s:111:20:111:Infinity":46,"s:112:56:112:Infinity":47,"b:112:19:112:20":12,"b:112:33:112:35":13,"s:113:19:118:Infinity":48,"s:119:4:119:Infinity":49,"s:121:4:121:Infinity":50,"s:128:0:143:Infinity":51,"f:128:31:128:36":6,"s:129:2:142:Infinity":52,"s:130:20:130:Infinity":53,"s:131:64:131:Infinity":54,"b:131:19:131:20":14,"b:131:33:131:35":15,"s:132:19:138:Infinity":55,"s:139:4:139:Infinity":56,"s:141:4:141:Infinity":57,"s:148:0:167:Infinity":58,"f:148:27:148:32":7,"s:149:2:166:Infinity":59,"s:150:18:150:Infinity":60,"b:150:18:150:32:150:36:150:Infinity":16,"b:151:4:153:Infinity:undefined:undefined:undefined:undefined":17,"s:151:4:153:Infinity":61,"b:151:8:151:32:151:36:151:60":18,"s:152:6:152:Infinity":62,"s:154:20:154:Infinity":63,"s:155:58:155:Infinity":64,"b:155:19:155:20":19,"b:155:33:155:35":20,"s:156:19:162:Infinity":65,"s:163:4:163:Infinity":66,"s:165:4:165:Infinity":67,"s:170:0:239:Infinity":68,"f:170:36:170:41":8,"s:171:2:238:Infinity":69,"s:172:18:172:Infinity":70,"b:172:18:172:32:172:36:172:Infinity":21,"b:173:4:175:Infinity:undefined:undefined:undefined:undefined":22,"s:173:4:175:Infinity":71,"b:173:8:173:32:173:36:173:60":23,"s:174:6:174:Infinity":72,"s:176:20:176:Infinity":73,"s:177:48:177:Infinity":74,"b:177:19:177:20":24,"b:177:33:177:35":25,"s:178:19:178:Infinity":75,"s:180:17:186:Infinity":76,"f:180:17:180:18":9,"s:181:15:182:Infinity":77,"b:183:6:183:Infinity:undefined:undefined:undefined:undefined":26,"s:183:6:183:Infinity":78,"s:183:34:183:Infinity":79,"b:184:6:184:Infinity:undefined:undefined:undefined:undefined":27,"s:184:6:184:Infinity":80,"s:184:18:184:Infinity":81,"s:185:6:185:Infinity":82,"s:188:22:204:Infinity":83,"s:206:22:207:Infinity":84,"s:210:21:210:Infinity":85,"f:210:35:210:36":10,"s:210:40:210:50":86,"s:211:18:211:Infinity":87,"b:212:4:221:Infinity:undefined:undefined:undefined:undefined":28,"s:212:4:221:Infinity":88,"s:213:20:217:Infinity":89,"s:218:6:220:Infinity":90,"s:219:8:219:Infinity":91,"s:223:17:233:Infinity":92,"f:223:31:223:32":11,"s:223:37:233:5":93,"b:231:16:231:45:231:49:231:51":29,"b:232:16:232:45:232:49:232:Infinity":30,"s:235:4:235:Infinity":94,"s:237:4:237:Infinity":95,"s:242:0:268:Infinity":96,"f:242:42:242:47":12,"s:243:2:267:Infinity":97,"s:244:18:244:Infinity":98,"b:244:18:244:32:244:36:244:Infinity":31,"b:245:4:247:Infinity:undefined:undefined:undefined:undefined":32,"s:245:4:247:Infinity":99,"b:245:8:245:32:245:36:245:60":33,"s:246:6:246:Infinity":100,"s:248:20:248:Infinity":101,"s:249:20:249:Infinity":102,"s:251:13:255:Infinity":103,"b:256:4:256:Infinity:undefined:undefined:undefined:undefined":34,"s:256:4:256:Infinity":104,"s:256:32:256:Infinity":105,"s:258:17:262:Infinity":106,"s:264:4:264:Infinity":107,"s:266:4:266:Infinity":108,"s:273:0:281:Infinity":109,"f:273:21:273:26":13,"s:274:2:280:Infinity":110,"s:275:20:275:Infinity":111,"s:276:18:276:Infinity":112,"s:277:4:277:Infinity":113,"s:279:4:279:Infinity":114,"s:286:0:433:Infinity":115,"f:286:25:286:30":14,"s:287:2:432:Infinity":116,"s:288:20:288:Infinity":117,"s:289:17:289:Infinity":118,"s:292:18:292:Infinity":119,"s:295:26:295:Infinity":120,"s:296:18:296:Infinity":121,"b:296:18:296:32:296:36:296:Infinity":35,"s:297:20:297:Infinity":122,"b:297:20:297:43:297:47:297:Infinity":36,"s:300:22:303:Infinity":123,"s:304:4:312:Infinity":124,"s:305:6:311:Infinity":125,"b:308:35:308:55:308:59:308:60":37,"b:309:32:309:56:309:60:309:61":38,"s:315:23:321:Infinity":126,"s:322:4:334:Infinity":127,"s:323:17:323:Infinity":128,"s:324:23:326:Infinity":129,"b:325:10:325:Infinity:326:11:326:53":39,"b:326:11:326:36:326:40:326:53":40,"s:327:6:333:Infinity":130,"b:329:19:329:29:329:32:329:44":41,"b:330:23:330:29:330:32:330:38":42,"b:331:31:331:51:331:55:331:56":43,"s:337:24:341:Infinity":131,"s:342:4:351:Infinity":132,"s:343:20:343:Infinity":133,"b:343:47:343:53:343:56:343:Infinity":44,"b:343:80:343:86:343:89:343:Infinity":45,"s:344:6:350:Infinity":134,"b:346:41:346:51:346:54:346:66":46,"b:348:20:348:37:348:41:348:42":47,"b:348:51:348:65:348:69:348:70":48,"b:354:4:370:Infinity:undefined:undefined:undefined:undefined":49,"s:354:4:370:Infinity":135,"s:355:26:360:Infinity":136,"s:361:6:369:Infinity":137,"s:362:8:368:Infinity":138,"b:366:19:366:29:366:33:366:35":50,"s:373:21:377:Infinity":139,"s:378:4:387:Infinity":140,"s:379:20:379:Infinity":141,"s:380:6:386:Infinity":142,"b:382:22:382:32:382:35:382:47":51,"b:383:29:383:33:383:36:383:40":52,"b:383:56:383:76:383:80:383:81":53,"b:384:14:384:30:384:34:384:36":54,"s:390:4:390:Infinity":143,"f:390:23:390:24":15,"s:390:33:390:68":144,"s:391:31:391:Infinity":145,"s:394:25:398:Infinity":146,"s:401:26:405:Infinity":147,"s:408:26:412:Infinity":148,"s:415:23:415:Infinity":149,"s:417:4:429:Infinity":150,"s:431:4:431:Infinity":151}}}
,"C:\\Users\\xie\\Desktop\\dm\\goosd_gw\\tests\\helpers.js": {"path":"C:\\Users\\xie\\Desktop\\dm\\goosd_gw\\tests\\helpers.js","statementMap":{"0":{"start":{"line":4,"column":24},"end":{"line":4,"column":null}},"1":{"start":{"line":7,"column":14},"end":{"line":20,"column":null}},"2":{"start":{"line":11,"column":6},"end":{"line":11,"column":null}},"3":{"start":{"line":12,"column":6},"end":{"line":12,"column":null}},"4":{"start":{"line":15,"column":6},"end":{"line":15,"column":null}},"5":{"start":{"line":16,"column":6},"end":{"line":16,"column":null}},"6":{"start":{"line":18,"column":13},"end":{"line":18,"column":23}},"7":{"start":{"line":19,"column":17},"end":{"line":19,"column":33}},"8":{"start":{"line":19,"column":34},"end":{"line":19,"column":44}},"9":{"start":{"line":21,"column":2},"end":{"line":21,"column":null}},"10":{"start":{"line":25,"column":2},"end":{"line":34,"column":null}},"11":{"start":{"line":38,"column":2},"end":{"line":38,"column":null}},"12":{"start":{"line":42,"column":19},"end":{"line":47,"column":null}},"13":{"start":{"line":48,"column":2},"end":{"line":48,"column":null}},"14":{"start":{"line":52,"column":2},"end":{"line":52,"column":null}},"15":{"start":{"line":56,"column":16},"end":{"line":56,"column":null}},"16":{"start":{"line":57,"column":18},"end":{"line":62,"column":null}},"17":{"start":{"line":63,"column":2},"end":{"line":65,"column":null}},"18":{"start":{"line":64,"column":4},"end":{"line":64,"column":null}},"19":{"start":{"line":66,"column":2},"end":{"line":66,"column":null}},"20":{"start":{"line":67,"column":2},"end":{"line":67,"column":null}},"21":{"start":{"line":68,"column":2},"end":{"line":68,"column":null}},"22":{"start":{"line":69,"column":2},"end":{"line":69,"column":null}},"23":{"start":{"line":70,"column":2},"end":{"line":70,"column":null}},"24":{"start":{"line":71,"column":2},"end":{"line":71,"column":null}},"25":{"start":{"line":72,"column":2},"end":{"line":72,"column":null}},"26":{"start":{"line":73,"column":2},"end":{"line":73,"column":null}},"27":{"start":{"line":73,"column":34},"end":{"line":73,"column":77}},"28":{"start":{"line":74,"column":2},"end":{"line":74,"column":null}},"29":{"start":{"line":74,"column":42},"end":{"line":74,"column":78}},"30":{"start":{"line":74,"column":60},"end":{"line":74,"column":78}},"31":{"start":{"line":75,"column":2},"end":{"line":75,"column":null}},"32":{"start":{"line":79,"column":17},"end":{"line":79,"column":null}},"33":{"start":{"line":81,"column":13},"end":{"line":84,"column":null}},"34":{"start":{"line":82,"column":4},"end":{"line":82,"column":null}},"35":{"start":{"line":82,"column":27},"end":{"line":82,"column":null}},"36":{"start":{"line":83,"column":4},"end":{"line":83,"column":null}},"37":{"start":{"line":86,"column":2},"end":{"line":86,"column":null}},"38":{"start":{"line":87,"column":2},"end":{"line":90,"column":null}},"39":{"start":{"line":88,"column":4},"end":{"line":88,"column":null}},"40":{"start":{"line":89,"column":4},"end":{"line":89,"column":null}},"41":{"start":{"line":91,"column":2},"end":{"line":95,"column":null}},"42":{"start":{"line":96,"column":2},"end":{"line":96,"column":null}},"43":{"start":{"line":96,"column":26},"end":{"line":96,"column":29}},"44":{"start":{"line":97,"column":2},"end":{"line":100,"column":null}},"45":{"start":{"line":101,"column":2},"end":{"line":101,"column":null}},"46":{"start":{"line":103,"column":2},"end":{"line":103,"column":null}}},"fnMap":{"0":{"name":"createMockRes","decl":{"start":{"line":6,"column":16},"end":{"line":6,"column":29}},"loc":{"start":{"line":6,"column":32},"end":{"line":22,"column":null}},"line":6},"1":{"name":"(anonymous_1)","decl":{"start":{"line":10,"column":4},"end":{"line":10,"column":10}},"loc":{"start":{"line":10,"column":17},"end":{"line":13,"column":5}},"line":10},"2":{"name":"(anonymous_2)","decl":{"start":{"line":14,"column":4},"end":{"line":14,"column":8}},"loc":{"start":{"line":14,"column":15},"end":{"line":17,"column":5}},"line":14},"3":{"name":"(anonymous_3)","decl":{"start":{"line":18,"column":4},"end":{"line":18,"column":8}},"loc":{"start":{"line":18,"column":11},"end":{"line":18,"column":25}},"line":18},"4":{"name":"(anonymous_4)","decl":{"start":{"line":19,"column":4},"end":{"line":19,"column":8}},"loc":{"start":{"line":19,"column":15},"end":{"line":19,"column":null}},"line":19},"5":{"name":"createMockReq","decl":{"start":{"line":24,"column":16},"end":{"line":24,"column":29}},"loc":{"start":{"line":24,"column":46},"end":{"line":35,"column":null}},"line":24},"6":{"name":"createMockNext","decl":{"start":{"line":37,"column":16},"end":{"line":37,"column":30}},"loc":{"start":{"line":37,"column":33},"end":{"line":39,"column":null}},"line":37},"7":{"name":"generateTestToken","decl":{"start":{"line":41,"column":16},"end":{"line":41,"column":33}},"loc":{"start":{"line":41,"column":74},"end":{"line":49,"column":null}},"line":41},"8":{"name":"generateAdminToken","decl":{"start":{"line":51,"column":16},"end":{"line":51,"column":34}},"loc":{"start":{"line":51,"column":49},"end":{"line":53,"column":null}},"line":51},"9":{"name":"createMockDbChain","decl":{"start":{"line":55,"column":16},"end":{"line":55,"column":33}},"loc":{"start":{"line":55,"column":55},"end":{"line":76,"column":null}},"line":55},"10":{"name":"(anonymous_10)","decl":{"start":{"line":73,"column":21},"end":{"line":73,"column":22}},"loc":{"start":{"line":73,"column":34},"end":{"line":73,"column":77}},"line":73},"11":{"name":"(anonymous_11)","decl":{"start":{"line":74,"column":27},"end":{"line":74,"column":35}},"loc":{"start":{"line":74,"column":40},"end":{"line":74,"column":null}},"line":74},"12":{"name":"createMockDb","decl":{"start":{"line":78,"column":16},"end":{"line":78,"column":28}},"loc":{"start":{"line":78,"column":31},"end":{"line":104,"column":null}},"line":78},"13":{"name":"(anonymous_13)","decl":{"start":{"line":81,"column":19},"end":{"line":81,"column":20}},"loc":{"start":{"line":81,"column":30},"end":{"line":84,"column":3}},"line":81},"14":{"name":"(anonymous_14)","decl":{"start":{"line":87,"column":22},"end":{"line":87,"column":23}},"loc":{"start":{"line":87,"column":47},"end":{"line":90,"column":null}},"line":87},"15":{"name":"(anonymous_15)","decl":{"start":{"line":96,"column":17},"end":{"line":96,"column":18}},"loc":{"start":{"line":96,"column":26},"end":{"line":96,"column":29}},"line":96}},"branchMap":{"0":{"loc":{"start":{"line":24,"column":30},"end":{"line":24,"column":44}},"type":"default-arg","locations":[{"start":{"line":24,"column":42},"end":{"line":24,"column":44}}],"line":24},"1":{"loc":{"start":{"line":41,"column":34},"end":{"line":41,"column":46}},"type":"default-arg","locations":[{"start":{"line":41,"column":44},"end":{"line":41,"column":46}}],"line":41},"2":{"loc":{"start":{"line":41,"column":48},"end":{"line":41,"column":72}},"type":"default-arg","locations":[{"start":{"line":41,"column":57},"end":{"line":41,"column":72}}],"line":41},"3":{"loc":{"start":{"line":51,"column":35},"end":{"line":51,"column":47}},"type":"default-arg","locations":[{"start":{"line":51,"column":45},"end":{"line":51,"column":47}}],"line":51},"4":{"loc":{"start":{"line":55,"column":34},"end":{"line":55,"column":53}},"type":"default-arg","locations":[{"start":{"line":55,"column":49},"end":{"line":55,"column":53}}],"line":55},"5":{"loc":{"start":{"line":74,"column":42},"end":{"line":74,"column":78}},"type":"if","locations":[{"start":{"line":74,"column":42},"end":{"line":74,"column":78}},{"start":{},"end":{}}],"line":74},"6":{"loc":{"start":{"line":82,"column":4},"end":{"line":82,"column":null}},"type":"if","locations":[{"start":{"line":82,"column":4},"end":{"line":82,"column":null}},{"start":{},"end":{}}],"line":82}},"s":{"0":2,"1":24,"2":18,"3":18,"4":18,"5":18,"6":0,"7":0,"8":0,"9":24,"10":24,"11":24,"12":0,"13":0,"14":0,"15":1,"16":1,"17":1,"18":19,"19":1,"20":1,"21":1,"22":1,"23":1,"24":1,"25":1,"26":1,"27":0,"28":1,"29":0,"30":0,"31":1,"32":0,"33":0,"34":0,"35":0,"36":0,"37":0,"38":0,"39":0,"40":0,"41":0,"42":0,"43":0,"44":0,"45":0,"46":0},"f":{"0":24,"1":18,"2":18,"3":0,"4":0,"5":24,"6":24,"7":0,"8":0,"9":1,"10":0,"11":0,"12":0,"13":0,"14":0,"15":0},"b":{"0":[24],"1":[0],"2":[0],"3":[0],"4":[1],"5":[0,0],"6":[0,0]},"meta":{"lastBranch":7,"lastFunction":16,"lastStatement":47,"seen":{"s:4:24:4:Infinity":0,"f:6:16:6:29":0,"s:7:14:20:Infinity":1,"f:10:4:10:10":1,"s:11:6:11:Infinity":2,"s:12:6:12:Infinity":3,"f:14:4:14:8":2,"s:15:6:15:Infinity":4,"s:16:6:16:Infinity":5,"f:18:4:18:8":3,"s:18:13:18:23":6,"f:19:4:19:8":4,"s:19:17:19:33":7,"s:19:34:19:44":8,"s:21:2:21:Infinity":9,"f:24:16:24:29":5,"b:24:42:24:44":0,"s:25:2:34:Infinity":10,"f:37:16:37:30":6,"s:38:2:38:Infinity":11,"f:41:16:41:33":7,"b:41:44:41:46":1,"b:41:57:41:72":2,"s:42:19:47:Infinity":12,"s:48:2:48:Infinity":13,"f:51:16:51:34":8,"b:51:45:51:47":3,"s:52:2:52:Infinity":14,"f:55:16:55:33":9,"b:55:49:55:53":4,"s:56:16:56:Infinity":15,"s:57:18:62:Infinity":16,"s:63:2:65:Infinity":17,"s:64:4:64:Infinity":18,"s:66:2:66:Infinity":19,"s:67:2:67:Infinity":20,"s:68:2:68:Infinity":21,"s:69:2:69:Infinity":22,"s:70:2:70:Infinity":23,"s:71:2:71:Infinity":24,"s:72:2:72:Infinity":25,"s:73:2:73:Infinity":26,"f:73:21:73:22":10,"s:73:34:73:77":27,"s:74:2:74:Infinity":28,"f:74:27:74:35":11,"b:74:42:74:78:undefined:undefined:undefined:undefined":5,"s:74:42:74:78":29,"s:74:60:74:78":30,"s:75:2:75:Infinity":31,"f:78:16:78:28":12,"s:79:17:79:Infinity":32,"s:81:13:84:Infinity":33,"f:81:19:81:20":13,"b:82:4:82:Infinity:undefined:undefined:undefined:undefined":6,"s:82:4:82:Infinity":34,"s:82:27:82:Infinity":35,"s:83:4:83:Infinity":36,"s:86:2:86:Infinity":37,"s:87:2:90:Infinity":38,"f:87:22:87:23":14,"s:88:4:88:Infinity":39,"s:89:4:89:Infinity":40,"s:91:2:95:Infinity":41,"s:96:2:96:Infinity":42,"f:96:17:96:18":15,"s:96:26:96:29":43,"s:97:2:100:Infinity":44,"s:101:2:101:Infinity":45,"s:103:2:103:Infinity":46}}}
}
